Started GET "/" for 127.0.0.1 at 2024-01-10 16:17:54 +0200
  [1m[35m (1.8ms)[0m  [1m[35mCREATE TABLE "schema_migrations" ("version" varchar NOT NULL PRIMARY KEY)[0m
  [1m[35m (0.4ms)[0m  [1m[35mCREATE TABLE "ar_internal_metadata" ("key" varchar NOT NULL PRIMARY KEY, "value" varchar, "created_at" datetime(6) NOT NULL, "updated_at" datetime(6) NOT NULL)[0m
  [1m[36mActiveRecord::SchemaMigration Load (0.3ms)[0m  [1m[34mSELECT "schema_migrations"."version" FROM "schema_migrations" ORDER BY "schema_migrations"."version" ASC[0m
Processing by Rails::WelcomeController#index as HTML
  Rendering /home/dimby/.rbenv/versions/3.2.2/lib/ruby/gems/3.2.0/gems/railties-7.1.2/lib/rails/templates/rails/welcome/index.html.erb
  Rendered /home/dimby/.rbenv/versions/3.2.2/lib/ruby/gems/3.2.0/gems/railties-7.1.2/lib/rails/templates/rails/welcome/index.html.erb (Duration: 1.8ms | Allocations: 375)
Completed 200 OK in 63ms (Views: 14.9ms | ActiveRecord: 0.0ms | Allocations: 7874)


Started GET "/" for 127.0.0.1 at 2024-01-10 16:24:32 +0200
Processing by Rails::WelcomeController#index as HTML
  Rendering /home/dimby/.rbenv/versions/3.2.2/lib/ruby/gems/3.2.0/gems/railties-7.1.2/lib/rails/templates/rails/welcome/index.html.erb
  Rendered /home/dimby/.rbenv/versions/3.2.2/lib/ruby/gems/3.2.0/gems/railties-7.1.2/lib/rails/templates/rails/welcome/index.html.erb (Duration: 2.3ms | Allocations: 261)
Completed 200 OK in 6ms (Views: 4.3ms | ActiveRecord: 0.0ms | Allocations: 892)


Started GET "/" for 127.0.0.1 at 2024-01-10 16:24:36 +0200
Processing by Rails::WelcomeController#index as HTML
  Rendering /home/dimby/.rbenv/versions/3.2.2/lib/ruby/gems/3.2.0/gems/railties-7.1.2/lib/rails/templates/rails/welcome/index.html.erb
  Rendered /home/dimby/.rbenv/versions/3.2.2/lib/ruby/gems/3.2.0/gems/railties-7.1.2/lib/rails/templates/rails/welcome/index.html.erb (Duration: 0.1ms | Allocations: 13)
Completed 200 OK in 1ms (Views: 0.8ms | ActiveRecord: 0.0ms | Allocations: 208)


Started GET "/" for 127.0.0.1 at 2024-01-10 16:28:08 +0200
Processing by Rails::WelcomeController#index as HTML
  Rendering /home/dimby/.rbenv/versions/3.2.2/lib/ruby/gems/3.2.0/gems/railties-7.1.2/lib/rails/templates/rails/welcome/index.html.erb
  Rendered /home/dimby/.rbenv/versions/3.2.2/lib/ruby/gems/3.2.0/gems/railties-7.1.2/lib/rails/templates/rails/welcome/index.html.erb (Duration: 3.1ms | Allocations: 261)
Completed 200 OK in 7ms (Views: 5.1ms | ActiveRecord: 0.0ms | Allocations: 887)


Started GET "/" for 127.0.0.1 at 2024-01-10 16:28:10 +0200
Processing by Rails::WelcomeController#index as HTML
  Rendering /home/dimby/.rbenv/versions/3.2.2/lib/ruby/gems/3.2.0/gems/railties-7.1.2/lib/rails/templates/rails/welcome/index.html.erb
  Rendered /home/dimby/.rbenv/versions/3.2.2/lib/ruby/gems/3.2.0/gems/railties-7.1.2/lib/rails/templates/rails/welcome/index.html.erb (Duration: 0.2ms | Allocations: 13)
Completed 200 OK in 2ms (Views: 1.0ms | ActiveRecord: 0.0ms | Allocations: 207)


Started GET "/" for 127.0.0.1 at 2024-01-10 16:28:11 +0200
Processing by Rails::WelcomeController#index as HTML
  Rendering /home/dimby/.rbenv/versions/3.2.2/lib/ruby/gems/3.2.0/gems/railties-7.1.2/lib/rails/templates/rails/welcome/index.html.erb
  Rendered /home/dimby/.rbenv/versions/3.2.2/lib/ruby/gems/3.2.0/gems/railties-7.1.2/lib/rails/templates/rails/welcome/index.html.erb (Duration: 0.1ms | Allocations: 13)
Completed 200 OK in 1ms (Views: 0.9ms | ActiveRecord: 0.0ms | Allocations: 202)


Started GET "/" for 127.0.0.1 at 2024-01-10 16:28:11 +0200
Processing by Rails::WelcomeController#index as HTML
  Rendering /home/dimby/.rbenv/versions/3.2.2/lib/ruby/gems/3.2.0/gems/railties-7.1.2/lib/rails/templates/rails/welcome/index.html.erb
  Rendered /home/dimby/.rbenv/versions/3.2.2/lib/ruby/gems/3.2.0/gems/railties-7.1.2/lib/rails/templates/rails/welcome/index.html.erb (Duration: 0.1ms | Allocations: 13)
Completed 200 OK in 2ms (Views: 0.9ms | ActiveRecord: 0.0ms | Allocations: 202)


Started GET "/" for 127.0.0.1 at 2024-01-10 16:28:12 +0200
Processing by Rails::WelcomeController#index as HTML
  Rendering /home/dimby/.rbenv/versions/3.2.2/lib/ruby/gems/3.2.0/gems/railties-7.1.2/lib/rails/templates/rails/welcome/index.html.erb
  Rendered /home/dimby/.rbenv/versions/3.2.2/lib/ruby/gems/3.2.0/gems/railties-7.1.2/lib/rails/templates/rails/welcome/index.html.erb (Duration: 0.2ms | Allocations: 13)
Completed 200 OK in 2ms (Views: 1.3ms | ActiveRecord: 0.0ms | Allocations: 202)


Started GET "/" for 127.0.0.1 at 2024-01-10 16:28:12 +0200
Processing by Rails::WelcomeController#index as HTML
  Rendering /home/dimby/.rbenv/versions/3.2.2/lib/ruby/gems/3.2.0/gems/railties-7.1.2/lib/rails/templates/rails/welcome/index.html.erb
  Rendered /home/dimby/.rbenv/versions/3.2.2/lib/ruby/gems/3.2.0/gems/railties-7.1.2/lib/rails/templates/rails/welcome/index.html.erb (Duration: 0.1ms | Allocations: 13)
Completed 200 OK in 2ms (Views: 1.0ms | ActiveRecord: 0.0ms | Allocations: 202)


Started GET "/" for 127.0.0.1 at 2024-01-10 16:28:13 +0200
Processing by Rails::WelcomeController#index as HTML
  Rendering /home/dimby/.rbenv/versions/3.2.2/lib/ruby/gems/3.2.0/gems/railties-7.1.2/lib/rails/templates/rails/welcome/index.html.erb
  Rendered /home/dimby/.rbenv/versions/3.2.2/lib/ruby/gems/3.2.0/gems/railties-7.1.2/lib/rails/templates/rails/welcome/index.html.erb (Duration: 0.1ms | Allocations: 13)
Completed 200 OK in 1ms (Views: 0.8ms | ActiveRecord: 0.0ms | Allocations: 202)


Started GET "/" for ::1 at 2024-01-10 16:28:19 +0200
Processing by Rails::WelcomeController#index as HTML
  Rendering /home/dimby/.rbenv/versions/3.2.2/lib/ruby/gems/3.2.0/gems/railties-7.1.2/lib/rails/templates/rails/welcome/index.html.erb
  Rendered /home/dimby/.rbenv/versions/3.2.2/lib/ruby/gems/3.2.0/gems/railties-7.1.2/lib/rails/templates/rails/welcome/index.html.erb (Duration: 0.1ms | Allocations: 13)
Completed 200 OK in 2ms (Views: 1.2ms | ActiveRecord: 0.0ms | Allocations: 202)


Started GET "/articles" for ::1 at 2024-01-10 16:28:42 +0200
Processing by ArticlesController#index as HTML
  Rendering layout layouts/application.html.erb
  Rendering articles/index.html.erb within layouts/application
  Rendered articles/index.html.erb within layouts/application (Duration: 0.6ms | Allocations: 94)
  Rendered layout layouts/application.html.erb (Duration: 610.3ms | Allocations: 93827)
Completed 200 OK in 615ms (Views: 613.4ms | ActiveRecord: 0.0ms | Allocations: 94737)


Started GET "/articles" for ::1 at 2024-01-10 16:28:55 +0200
Processing by ArticlesController#index as HTML
  Rendering layout layouts/application.html.erb
  Rendering articles/index.html.erb within layouts/application
  Rendered articles/index.html.erb within layouts/application (Duration: 0.1ms | Allocations: 7)
  Rendered layout layouts/application.html.erb (Duration: 24.0ms | Allocations: 3915)
Completed 200 OK in 26ms (Views: 25.1ms | ActiveRecord: 0.0ms | Allocations: 4154)


Started GET "/articles" for ::1 at 2024-01-10 16:31:10 +0200
Processing by ArticlesController#index as HTML
  Rendering layout layouts/application.html.erb
  Rendering articles/index.html.erb within layouts/application
  Rendered articles/index.html.erb within layouts/application (Duration: 0.7ms | Allocations: 97)
  Rendered layout layouts/application.html.erb (Duration: 118.6ms | Allocations: 14864)
Completed 200 OK in 123ms (Views: 121.4ms | ActiveRecord: 0.0ms | Allocations: 15763)


Started GET "/" for ::1 at 2024-01-10 16:31:15 +0200
Processing by ArticlesController#index as HTML
  Rendering layout layouts/application.html.erb
  Rendering articles/index.html.erb within layouts/application
  Rendered articles/index.html.erb within layouts/application (Duration: 0.1ms | Allocations: 7)
  Rendered layout layouts/application.html.erb (Duration: 4.2ms | Allocations: 1354)
Completed 200 OK in 6ms (Views: 5.4ms | ActiveRecord: 0.0ms | Allocations: 1593)


Started GET "/" for ::1 at 2024-01-10 16:32:03 +0200
Processing by ArticlesController#index as HTML
  Rendering layout layouts/application.html.erb
  Rendering articles/index.html.erb within layouts/application
  Rendered articles/index.html.erb within layouts/application (Duration: 0.1ms | Allocations: 7)
  Rendered layout layouts/application.html.erb (Duration: 4.4ms | Allocations: 1344)
Completed 200 OK in 6ms (Views: 5.4ms | ActiveRecord: 0.0ms | Allocations: 1582)


Started GET "/" for ::1 at 2024-01-10 16:32:05 +0200
Processing by ArticlesController#index as HTML
  Rendering layout layouts/application.html.erb
  Rendering articles/index.html.erb within layouts/application
  Rendered articles/index.html.erb within layouts/application (Duration: 0.1ms | Allocations: 7)
  Rendered layout layouts/application.html.erb (Duration: 4.1ms | Allocations: 1334)
Completed 200 OK in 6ms (Views: 5.7ms | ActiveRecord: 0.0ms | Allocations: 1572)


Started GET "/" for ::1 at 2024-01-10 16:32:06 +0200
Processing by ArticlesController#index as HTML
  Rendering layout layouts/application.html.erb
  Rendering articles/index.html.erb within layouts/application
  Rendered articles/index.html.erb within layouts/application (Duration: 0.1ms | Allocations: 7)
  Rendered layout layouts/application.html.erb (Duration: 6.0ms | Allocations: 1343)
Completed 200 OK in 8ms (Views: 7.3ms | ActiveRecord: 0.0ms | Allocations: 1582)


Started GET "/" for ::1 at 2024-01-10 16:32:07 +0200
Processing by ArticlesController#index as HTML
  Rendering layout layouts/application.html.erb
  Rendering articles/index.html.erb within layouts/application
  Rendered articles/index.html.erb within layouts/application (Duration: 0.1ms | Allocations: 7)
  Rendered layout layouts/application.html.erb (Duration: 5.2ms | Allocations: 1352)
Completed 200 OK in 7ms (Views: 6.2ms | ActiveRecord: 0.0ms | Allocations: 1590)


Started GET "/" for ::1 at 2024-01-10 16:32:08 +0200
Processing by ArticlesController#index as HTML
  Rendering layout layouts/application.html.erb
  Rendering articles/index.html.erb within layouts/application
  Rendered articles/index.html.erb within layouts/application (Duration: 0.1ms | Allocations: 7)
  Rendered layout layouts/application.html.erb (Duration: 5.0ms | Allocations: 1358)
Completed 200 OK in 7ms (Views: 6.2ms | ActiveRecord: 0.0ms | Allocations: 1596)


Started GET "/" for ::1 at 2024-01-10 16:32:09 +0200
Processing by ArticlesController#index as HTML
  Rendering layout layouts/application.html.erb
  Rendering articles/index.html.erb within layouts/application
  Rendered articles/index.html.erb within layouts/application (Duration: 0.1ms | Allocations: 7)
  Rendered layout layouts/application.html.erb (Duration: 6.0ms | Allocations: 1349)
Completed 200 OK in 8ms (Views: 7.4ms | ActiveRecord: 0.0ms | Allocations: 1587)


Started GET "/" for ::1 at 2024-01-10 16:32:10 +0200
Processing by ArticlesController#index as HTML
  Rendering layout layouts/application.html.erb
  Rendering articles/index.html.erb within layouts/application
  Rendered articles/index.html.erb within layouts/application (Duration: 0.1ms | Allocations: 7)
  Rendered layout layouts/application.html.erb (Duration: 5.2ms | Allocations: 1346)
Completed 200 OK in 7ms (Views: 6.6ms | ActiveRecord: 0.0ms | Allocations: 1584)


Started GET "/" for ::1 at 2024-01-10 16:32:11 +0200
Processing by ArticlesController#index as HTML
  Rendering layout layouts/application.html.erb
  Rendering articles/index.html.erb within layouts/application
  Rendered articles/index.html.erb within layouts/application (Duration: 0.1ms | Allocations: 7)
  Rendered layout layouts/application.html.erb (Duration: 5.8ms | Allocations: 1346)
Completed 200 OK in 8ms (Views: 7.1ms | ActiveRecord: 0.0ms | Allocations: 1584)


Started GET "/" for ::1 at 2024-01-10 16:32:12 +0200
Processing by ArticlesController#index as HTML
  Rendering layout layouts/application.html.erb
  Rendering articles/index.html.erb within layouts/application
  Rendered articles/index.html.erb within layouts/application (Duration: 0.1ms | Allocations: 7)
  Rendered layout layouts/application.html.erb (Duration: 6.6ms | Allocations: 1356)
Completed 200 OK in 8ms (Views: 7.6ms | ActiveRecord: 0.0ms | Allocations: 1595)


Started GET "/" for ::1 at 2024-01-10 16:32:13 +0200
Processing by ArticlesController#index as HTML
  Rendering layout layouts/application.html.erb
  Rendering articles/index.html.erb within layouts/application
  Rendered articles/index.html.erb within layouts/application (Duration: 0.1ms | Allocations: 7)
  Rendered layout layouts/application.html.erb (Duration: 4.5ms | Allocations: 1364)
Completed 200 OK in 6ms (Views: 5.7ms | ActiveRecord: 0.0ms | Allocations: 1602)


Started GET "/" for ::1 at 2024-01-10 16:32:13 +0200
Processing by ArticlesController#index as HTML
  Rendering layout layouts/application.html.erb
  Rendering articles/index.html.erb within layouts/application
  Rendered articles/index.html.erb within layouts/application (Duration: 0.1ms | Allocations: 7)
  Rendered layout layouts/application.html.erb (Duration: 5.9ms | Allocations: 1358)
Completed 200 OK in 8ms (Views: 7.1ms | ActiveRecord: 0.0ms | Allocations: 1596)


Started GET "/" for ::1 at 2024-01-10 16:32:14 +0200
Processing by ArticlesController#index as HTML
  Rendering layout layouts/application.html.erb
  Rendering articles/index.html.erb within layouts/application
  Rendered articles/index.html.erb within layouts/application (Duration: 0.1ms | Allocations: 7)
  Rendered layout layouts/application.html.erb (Duration: 4.6ms | Allocations: 1346)
Completed 200 OK in 6ms (Views: 5.7ms | ActiveRecord: 0.0ms | Allocations: 1584)


Started GET "/" for ::1 at 2024-01-10 16:32:15 +0200
Processing by ArticlesController#index as HTML
  Rendering layout layouts/application.html.erb
  Rendering articles/index.html.erb within layouts/application
  Rendered articles/index.html.erb within layouts/application (Duration: 0.1ms | Allocations: 7)
  Rendered layout layouts/application.html.erb (Duration: 5.0ms | Allocations: 1340)
Completed 200 OK in 7ms (Views: 6.2ms | ActiveRecord: 0.0ms | Allocations: 1578)


Started GET "/" for ::1 at 2024-01-10 16:32:16 +0200
Processing by ArticlesController#index as HTML
  Rendering layout layouts/application.html.erb
  Rendering articles/index.html.erb within layouts/application
  Rendered articles/index.html.erb within layouts/application (Duration: 0.1ms | Allocations: 7)
  Rendered layout layouts/application.html.erb (Duration: 5.6ms | Allocations: 1340)
Completed 200 OK in 7ms (Views: 6.7ms | ActiveRecord: 0.0ms | Allocations: 1578)


Started GET "/" for ::1 at 2024-01-10 16:32:16 +0200
Processing by ArticlesController#index as HTML
  Rendering layout layouts/application.html.erb
  Rendering articles/index.html.erb within layouts/application
  Rendered articles/index.html.erb within layouts/application (Duration: 0.1ms | Allocations: 7)
  Rendered layout layouts/application.html.erb (Duration: 5.3ms | Allocations: 1367)
Completed 200 OK in 7ms (Views: 6.3ms | ActiveRecord: 0.0ms | Allocations: 1605)


  [1m[36mActiveRecord::InternalMetadata Load (0.3ms)[0m  [1m[34mSELECT * FROM "ar_internal_metadata" WHERE "ar_internal_metadata"."key" = ? ORDER BY "ar_internal_metadata"."key" ASC LIMIT 1[0m  [[nil, "environment"]]
  [1m[36mActiveRecord::InternalMetadata Create (10.5ms)[0m  [1m[32mINSERT INTO "ar_internal_metadata" ("key", "value", "created_at", "updated_at") VALUES ('environment', 'development', '2024-01-10 14:46:52.784016', '2024-01-10 14:46:52.784025') RETURNING "key"[0m
  [1m[36mActiveRecord::SchemaMigration Load (0.2ms)[0m  [1m[34mSELECT "schema_migrations"."version" FROM "schema_migrations" ORDER BY "schema_migrations"."version" ASC[0m
Migrating to CreateArticles (20240110144012)
  [1m[36mTRANSACTION (0.1ms)[0m  [1m[36mbegin transaction[0m
  [1m[35m (2.4ms)[0m  [1m[35mCREATE TABLE "articles" ("id" integer PRIMARY KEY AUTOINCREMENT NOT NULL, "title" varchar, "body" text, "created_at" datetime(6) NOT NULL, "updated_at" datetime(6) NOT NULL)[0m
  [1m[36mActiveRecord::SchemaMigration Create (0.3ms)[0m  [1m[32mINSERT INTO "schema_migrations" ("version") VALUES ('20240110144012') RETURNING "version"[0m
  [1m[36mTRANSACTION (0.2ms)[0m  [1m[36mcommit transaction[0m
  [1m[36mActiveRecord::SchemaMigration Load (0.1ms)[0m  [1m[34mSELECT "schema_migrations"."version" FROM "schema_migrations" ORDER BY "schema_migrations"."version" ASC[0m
  [1m[36mTRANSACTION (0.1ms)[0m  [1m[36mbegin transaction[0m
  [1m[36mArticle Create (1.0ms)[0m  [1m[32mINSERT INTO "articles" ("title", "body", "created_at", "updated_at") VALUES (?, ?, ?, ?) RETURNING "id"[0m  [["title", "Hello Rails"], ["body", "I am on Rails!"], ["created_at", "2024-01-10 14:51:33.880368"], ["updated_at", "2024-01-10 14:51:33.880368"]]
  [1m[36mTRANSACTION (0.2ms)[0m  [1m[36mcommit transaction[0m
  [1m[36mArticle Load (0.3ms)[0m  [1m[34mSELECT "articles".* FROM "articles" WHERE "articles"."id" = ? LIMIT ?[0m  [["id", 1], ["LIMIT", 1]]
  [1m[36mArticle Load (0.1ms)[0m  [1m[34mSELECT "articles".* FROM "articles" WHERE "articles"."id" = ? LIMIT ?[0m  [["id", 2], ["LIMIT", 1]]
  [1m[36mArticle Load (0.3ms)[0m  [1m[34mSELECT "articles".* FROM "articles" /* loading for pp */ LIMIT ?[0m  [["LIMIT", 11]]
  [1m[36mTRANSACTION (0.1ms)[0m  [1m[36mbegin transaction[0m
  [1m[36mArticle Create (0.7ms)[0m  [1m[32mINSERT INTO "articles" ("title", "body", "created_at", "updated_at") VALUES (?, ?, ?, ?) RETURNING "id"[0m  [["title", "Hello again"], ["body", "I am back to Rails"], ["created_at", "2024-01-10 14:55:53.067652"], ["updated_at", "2024-01-10 14:55:53.067652"]]
  [1m[36mTRANSACTION (0.2ms)[0m  [1m[36mcommit transaction[0m
  [1m[36mArticle Load (0.3ms)[0m  [1m[34mSELECT "articles".* FROM "articles" /* loading for pp */ LIMIT ?[0m  [["LIMIT", 11]]
  [1m[36mArticle Load (0.2ms)[0m  [1m[34mSELECT "articles".* FROM "articles" WHERE "articles"."id" = ? LIMIT ?[0m  [["id", 2], ["LIMIT", 1]]
Started GET "/" for ::1 at 2024-01-10 17:14:30 +0200
  [1m[36mActiveRecord::SchemaMigration Load (0.2ms)[0m  [1m[34mSELECT "schema_migrations"."version" FROM "schema_migrations" ORDER BY "schema_migrations"."version" ASC[0m
Processing by ArticlesController#index as HTML
  Rendering layout layouts/application.html.erb
  Rendering articles/index.html.erb within layouts/application
  [1m[36mArticle Load (0.2ms)[0m  [1m[34mSELECT "articles".* FROM "articles"[0m
  ↳ app/views/articles/index.html.erb:4
  Rendered articles/index.html.erb within layouts/application (Duration: 40.6ms | Allocations: 9923)
  Rendered layout layouts/application.html.erb (Duration: 71.2ms | Allocations: 24830)
Completed 200 OK in 105ms (Views: 70.7ms | ActiveRecord: 3.8ms | Allocations: 31535)


Started GET "/" for ::1 at 2024-01-10 17:15:25 +0200
Processing by ArticlesController#index as HTML
  Rendering layout layouts/application.html.erb
  Rendering articles/index.html.erb within layouts/application
  [1m[36mArticle Load (0.2ms)[0m  [1m[34mSELECT "articles".* FROM "articles"[0m
  ↳ app/views/articles/index.html.erb:4
  Rendered articles/index.html.erb within layouts/application (Duration: 12.4ms | Allocations: 3455)
  Rendered layout layouts/application.html.erb (Duration: 48.3ms | Allocations: 18217)
Completed 200 OK in 55ms (Views: 47.7ms | ActiveRecord: 3.4ms | Allocations: 19685)


Started GET "/" for ::1 at 2024-01-10 17:32:13 +0200
Processing by ArticlesController#index as HTML
  Rendering layout layouts/application.html.erb
  Rendering articles/index.html.erb within layouts/application
  [1m[36mArticle Load (2.4ms)[0m  [1m[34mSELECT "articles".* FROM "articles"[0m
  ↳ app/views/articles/index.html.erb:4
  Rendered articles/index.html.erb within layouts/application (Duration: 10.8ms | Allocations: 3070)
  Rendered layout layouts/application.html.erb (Duration: 39.9ms | Allocations: 17924)
Completed 200 OK in 47ms (Views: 39.0ms | ActiveRecord: 3.8ms | Allocations: 19396)


Started GET "/" for ::1 at 2024-01-10 17:32:15 +0200
Processing by ArticlesController#index as HTML
  Rendering layout layouts/application.html.erb
  Rendering articles/index.html.erb within layouts/application
  [1m[36mArticle Load (0.2ms)[0m  [1m[34mSELECT "articles".* FROM "articles"[0m
  ↳ app/views/articles/index.html.erb:4
  Rendered articles/index.html.erb within layouts/application (Duration: 2.9ms | Allocations: 429)
  Rendered layout layouts/application.html.erb (Duration: 9.0ms | Allocations: 1764)
Completed 200 OK in 11ms (Views: 10.2ms | ActiveRecord: 0.2ms | Allocations: 2018)


Started GET "/1" for ::1 at 2024-01-10 17:32:20 +0200
  
ActionController::RoutingError (No route matches [GET] "/1"):
  
Started GET "/articles/1" for ::1 at 2024-01-10 17:32:27 +0200
Processing by ArticlesController#show as HTML
  Parameters: {"id"=>"1"}
  [1m[36mArticle Load (0.3ms)[0m  [1m[34mSELECT "articles".* FROM "articles" WHERE "articles"."id" = ? LIMIT ?[0m  [["id", 1], ["LIMIT", 1]]
  ↳ app/controllers/articles_controller.rb:7:in `show'
  Rendering layout layouts/application.html.erb
  Rendering articles/show.html.erb within layouts/application
  Rendered articles/show.html.erb within layouts/application (Duration: 0.9ms | Allocations: 157)
  Rendered layout layouts/application.html.erb (Duration: 4.8ms | Allocations: 1496)
Completed 200 OK in 12ms (Views: 5.7ms | ActiveRecord: 0.3ms | Allocations: 3995)


Started GET "/articles/2" for ::1 at 2024-01-10 17:32:40 +0200
Processing by ArticlesController#show as HTML
  Parameters: {"id"=>"2"}
  [1m[36mArticle Load (0.2ms)[0m  [1m[34mSELECT "articles".* FROM "articles" WHERE "articles"."id" = ? LIMIT ?[0m  [["id", 2], ["LIMIT", 1]]
  ↳ app/controllers/articles_controller.rb:7:in `show'
  Rendering layout layouts/application.html.erb
  Rendering articles/show.html.erb within layouts/application
  Rendered articles/show.html.erb within layouts/application (Duration: 0.1ms | Allocations: 14)
  Rendered layout layouts/application.html.erb (Duration: 4.1ms | Allocations: 1351)
Completed 200 OK in 7ms (Views: 5.0ms | ActiveRecord: 0.1ms | Allocations: 1951)


Started GET "/" for ::1 at 2024-01-10 17:36:39 +0200
Processing by ArticlesController#index as HTML
  Rendering layout layouts/application.html.erb
  Rendering articles/index.html.erb within layouts/application
  [1m[36mArticle Load (0.2ms)[0m  [1m[34mSELECT "articles".* FROM "articles"[0m
  ↳ app/views/articles/index.html.erb:4
  Rendered articles/index.html.erb within layouts/application (Duration: 20.4ms | Allocations: 3505)
  Rendered layout layouts/application.html.erb (Duration: 51.1ms | Allocations: 18434)
Completed 200 OK in 58ms (Views: 50.7ms | ActiveRecord: 3.1ms | Allocations: 19903)


Started GET "/articles/" for ::1 at 2024-01-10 17:36:42 +0200
Processing by ArticlesController#index as HTML
  Rendering layout layouts/application.html.erb
  Rendering articles/index.html.erb within layouts/application
  [1m[36mArticle Load (0.2ms)[0m  [1m[34mSELECT "articles".* FROM "articles"[0m
  ↳ app/views/articles/index.html.erb:4
  Rendered articles/index.html.erb within layouts/application (Duration: 2.2ms | Allocations: 419)
  Rendered layout layouts/application.html.erb (Duration: 6.3ms | Allocations: 1761)
Completed 200 OK in 8ms (Views: 7.0ms | ActiveRecord: 0.2ms | Allocations: 2012)


Started GET "/articles/" for ::1 at 2024-01-10 17:36:43 +0200
Processing by ArticlesController#index as HTML
  Rendering layout layouts/application.html.erb
  Rendering articles/index.html.erb within layouts/application
  [1m[36mArticle Load (0.2ms)[0m  [1m[34mSELECT "articles".* FROM "articles"[0m
  ↳ app/views/articles/index.html.erb:4
  Rendered articles/index.html.erb within layouts/application (Duration: 2.4ms | Allocations: 424)
  Rendered layout layouts/application.html.erb (Duration: 7.8ms | Allocations: 1766)
Completed 200 OK in 10ms (Views: 8.9ms | ActiveRecord: 0.2ms | Allocations: 2021)


Started GET "/articles/" for ::1 at 2024-01-10 17:36:45 +0200
Processing by ArticlesController#index as HTML
  Rendering layout layouts/application.html.erb
  Rendering articles/index.html.erb within layouts/application
  [1m[36mArticle Load (0.2ms)[0m  [1m[34mSELECT "articles".* FROM "articles"[0m
  ↳ app/views/articles/index.html.erb:4
  Rendered articles/index.html.erb within layouts/application (Duration: 1.9ms | Allocations: 418)
  Rendered layout layouts/application.html.erb (Duration: 6.6ms | Allocations: 1759)
Completed 200 OK in 8ms (Views: 7.3ms | ActiveRecord: 0.2ms | Allocations: 2010)


Started GET "/articles/" for ::1 at 2024-01-10 17:36:46 +0200
Processing by ArticlesController#index as HTML
  Rendering layout layouts/application.html.erb
  Rendering articles/index.html.erb within layouts/application
  [1m[36mArticle Load (0.1ms)[0m  [1m[34mSELECT "articles".* FROM "articles"[0m
  ↳ app/views/articles/index.html.erb:4
  Rendered articles/index.html.erb within layouts/application (Duration: 1.9ms | Allocations: 418)
  Rendered layout layouts/application.html.erb (Duration: 6.8ms | Allocations: 1762)
Completed 200 OK in 9ms (Views: 7.7ms | ActiveRecord: 0.1ms | Allocations: 2013)


Started GET "/articles/" for ::1 at 2024-01-10 17:36:47 +0200
Processing by ArticlesController#index as HTML
  Rendering layout layouts/application.html.erb
  Rendering articles/index.html.erb within layouts/application
  [1m[36mArticle Load (0.1ms)[0m  [1m[34mSELECT "articles".* FROM "articles"[0m
  ↳ app/views/articles/index.html.erb:4
  Rendered articles/index.html.erb within layouts/application (Duration: 1.8ms | Allocations: 418)
  Rendered layout layouts/application.html.erb (Duration: 5.8ms | Allocations: 1759)
Completed 200 OK in 8ms (Views: 6.9ms | ActiveRecord: 0.1ms | Allocations: 2010)


Started GET "/articles/" for ::1 at 2024-01-10 17:36:47 +0200
Processing by ArticlesController#index as HTML
  Rendering layout layouts/application.html.erb
  Rendering articles/index.html.erb within layouts/application
  [1m[36mArticle Load (0.1ms)[0m  [1m[34mSELECT "articles".* FROM "articles"[0m
  ↳ app/views/articles/index.html.erb:4
  Rendered articles/index.html.erb within layouts/application (Duration: 1.9ms | Allocations: 418)
  Rendered layout layouts/application.html.erb (Duration: 6.2ms | Allocations: 1765)
Completed 200 OK in 8ms (Views: 7.0ms | ActiveRecord: 0.1ms | Allocations: 2016)


Started GET "/articles/" for ::1 at 2024-01-10 17:36:48 +0200
Processing by ArticlesController#index as HTML
  Rendering layout layouts/application.html.erb
  Rendering articles/index.html.erb within layouts/application
  [1m[36mArticle Load (0.1ms)[0m  [1m[34mSELECT "articles".* FROM "articles"[0m
  ↳ app/views/articles/index.html.erb:4
  Rendered articles/index.html.erb within layouts/application (Duration: 1.8ms | Allocations: 418)
  Rendered layout layouts/application.html.erb (Duration: 5.9ms | Allocations: 1753)
Completed 200 OK in 8ms (Views: 7.1ms | ActiveRecord: 0.1ms | Allocations: 2004)


Started GET "/articles/" for ::1 at 2024-01-10 17:36:49 +0200
Processing by ArticlesController#index as HTML
  Rendering layout layouts/application.html.erb
  Rendering articles/index.html.erb within layouts/application
  [1m[36mArticle Load (0.1ms)[0m  [1m[34mSELECT "articles".* FROM "articles"[0m
  ↳ app/views/articles/index.html.erb:4
  Rendered articles/index.html.erb within layouts/application (Duration: 2.3ms | Allocations: 418)
  Rendered layout layouts/application.html.erb (Duration: 6.3ms | Allocations: 1774)
Completed 200 OK in 8ms (Views: 7.1ms | ActiveRecord: 0.1ms | Allocations: 2025)


Started GET "/articles/" for ::1 at 2024-01-10 17:36:50 +0200
Processing by ArticlesController#index as HTML
  Rendering layout layouts/application.html.erb
  Rendering articles/index.html.erb within layouts/application
  [1m[36mArticle Load (0.2ms)[0m  [1m[34mSELECT "articles".* FROM "articles"[0m
  ↳ app/views/articles/index.html.erb:4
  Rendered articles/index.html.erb within layouts/application (Duration: 2.8ms | Allocations: 418)
  Rendered layout layouts/application.html.erb (Duration: 9.6ms | Allocations: 1771)
Completed 200 OK in 12ms (Views: 11.3ms | ActiveRecord: 0.2ms | Allocations: 2022)


Started GET "/articles/" for ::1 at 2024-01-10 17:36:50 +0200
Processing by ArticlesController#index as HTML
  Rendering layout layouts/application.html.erb
  Rendering articles/index.html.erb within layouts/application
  [1m[36mArticle Load (0.1ms)[0m  [1m[34mSELECT "articles".* FROM "articles"[0m
  ↳ app/views/articles/index.html.erb:4
  Rendered articles/index.html.erb within layouts/application (Duration: 10.3ms | Allocations: 418)
  Rendered layout layouts/application.html.erb (Duration: 32.3ms | Allocations: 1768)
Completed 200 OK in 38ms (Views: 37.5ms | ActiveRecord: 0.1ms | Allocations: 2019)


Started GET "/articles/" for ::1 at 2024-01-10 17:36:51 +0200
Processing by ArticlesController#index as HTML
  Rendering layout layouts/application.html.erb
  Rendering articles/index.html.erb within layouts/application
  [1m[36mArticle Load (4.1ms)[0m  [1m[34mSELECT "articles".* FROM "articles"[0m
  ↳ app/views/articles/index.html.erb:4
  Rendered articles/index.html.erb within layouts/application (Duration: 13.9ms | Allocations: 418)
  Rendered layout layouts/application.html.erb (Duration: 29.3ms | Allocations: 1759)
Completed 200 OK in 33ms (Views: 28.2ms | ActiveRecord: 4.1ms | Allocations: 2010)


Started GET "/articles/" for ::1 at 2024-01-10 17:36:51 +0200
Processing by ArticlesController#index as HTML
  Rendering layout layouts/application.html.erb
  Rendering articles/index.html.erb within layouts/application
  [1m[36mArticle Load (0.1ms)[0m  [1m[34mSELECT "articles".* FROM "articles"[0m
  ↳ app/views/articles/index.html.erb:4
  Rendered articles/index.html.erb within layouts/application (Duration: 1.9ms | Allocations: 418)
  Rendered layout layouts/application.html.erb (Duration: 6.9ms | Allocations: 1774)
Completed 200 OK in 8ms (Views: 7.7ms | ActiveRecord: 0.1ms | Allocations: 2026)


Started GET "/articles/" for ::1 at 2024-01-10 17:36:52 +0200
Processing by ArticlesController#index as HTML
  Rendering layout layouts/application.html.erb
  Rendering articles/index.html.erb within layouts/application
  [1m[36mArticle Load (0.2ms)[0m  [1m[34mSELECT "articles".* FROM "articles"[0m
  ↳ app/views/articles/index.html.erb:4
  Rendered articles/index.html.erb within layouts/application (Duration: 2.0ms | Allocations: 418)
  Rendered layout layouts/application.html.erb (Duration: 7.2ms | Allocations: 1759)
Completed 200 OK in 9ms (Views: 8.0ms | ActiveRecord: 0.1ms | Allocations: 2010)


Started GET "/articles/" for ::1 at 2024-01-10 17:36:52 +0200
Processing by ArticlesController#index as HTML
  Rendering layout layouts/application.html.erb
  Rendering articles/index.html.erb within layouts/application
  [1m[36mArticle Load (0.2ms)[0m  [1m[34mSELECT "articles".* FROM "articles"[0m
  ↳ app/views/articles/index.html.erb:4
  Rendered articles/index.html.erb within layouts/application (Duration: 2.6ms | Allocations: 418)
  Rendered layout layouts/application.html.erb (Duration: 9.3ms | Allocations: 1760)
Completed 200 OK in 11ms (Views: 10.3ms | ActiveRecord: 0.2ms | Allocations: 2011)


Started GET "/articles/" for ::1 at 2024-01-10 17:37:15 +0200
Processing by ArticlesController#index as HTML
  Rendering layout layouts/application.html.erb
  Rendering articles/index.html.erb within layouts/application
  [1m[36mArticle Load (0.2ms)[0m  [1m[34mSELECT "articles".* FROM "articles"[0m
  ↳ app/views/articles/index.html.erb:4
  Rendered articles/index.html.erb within layouts/application (Duration: 12.9ms | Allocations: 3491)
  Rendered layout layouts/application.html.erb (Duration: 42.6ms | Allocations: 18449)
Completed 200 OK in 49ms (Views: 42.1ms | ActiveRecord: 3.2ms | Allocations: 19921)


Started GET "/articles/1" for ::1 at 2024-01-10 17:37:17 +0200
Processing by ArticlesController#show as HTML
  Parameters: {"id"=>"1"}
  [1m[36mArticle Load (0.3ms)[0m  [1m[34mSELECT "articles".* FROM "articles" WHERE "articles"."id" = ? LIMIT ?[0m  [["id", 1], ["LIMIT", 1]]
  ↳ app/controllers/articles_controller.rb:7:in `show'
  Rendering layout layouts/application.html.erb
  Rendering articles/show.html.erb within layouts/application
  Rendered articles/show.html.erb within layouts/application (Duration: 1.2ms | Allocations: 149)
  Rendered layout layouts/application.html.erb (Duration: 7.2ms | Allocations: 1489)
Completed 200 OK in 14ms (Views: 8.5ms | ActiveRecord: 0.3ms | Allocations: 2769)


Started GET "/articles/2" for ::1 at 2024-01-10 17:37:20 +0200
Processing by ArticlesController#show as HTML
  Parameters: {"id"=>"2"}
  [1m[36mArticle Load (0.2ms)[0m  [1m[34mSELECT "articles".* FROM "articles" WHERE "articles"."id" = ? LIMIT ?[0m  [["id", 2], ["LIMIT", 1]]
  ↳ app/controllers/articles_controller.rb:7:in `show'
  Rendering layout layouts/application.html.erb
  Rendering articles/show.html.erb within layouts/application
  Rendered articles/show.html.erb within layouts/application (Duration: 0.1ms | Allocations: 14)
  Rendered layout layouts/application.html.erb (Duration: 4.4ms | Allocations: 1345)
Completed 200 OK in 8ms (Views: 5.5ms | ActiveRecord: 0.2ms | Allocations: 1946)


Started GET "/articles/1" for ::1 at 2024-01-10 17:37:23 +0200
Processing by ArticlesController#show as HTML
  Parameters: {"id"=>"1"}
  [1m[36mArticle Load (0.1ms)[0m  [1m[34mSELECT "articles".* FROM "articles" WHERE "articles"."id" = ? LIMIT ?[0m  [["id", 1], ["LIMIT", 1]]
  ↳ app/controllers/articles_controller.rb:7:in `show'
  Rendering layout layouts/application.html.erb
  Rendering articles/show.html.erb within layouts/application
  Rendered articles/show.html.erb within layouts/application (Duration: 0.1ms | Allocations: 13)
  Rendered layout layouts/application.html.erb (Duration: 4.1ms | Allocations: 1356)
Completed 200 OK in 7ms (Views: 5.0ms | ActiveRecord: 0.1ms | Allocations: 1957)


Started GET "/articles/2" for ::1 at 2024-01-10 17:37:26 +0200
Processing by ArticlesController#show as HTML
  Parameters: {"id"=>"2"}
  [1m[36mArticle Load (0.2ms)[0m  [1m[34mSELECT "articles".* FROM "articles" WHERE "articles"."id" = ? LIMIT ?[0m  [["id", 2], ["LIMIT", 1]]
  ↳ app/controllers/articles_controller.rb:7:in `show'
  Rendering layout layouts/application.html.erb
  Rendering articles/show.html.erb within layouts/application
  Rendered articles/show.html.erb within layouts/application (Duration: 0.1ms | Allocations: 14)
  Rendered layout layouts/application.html.erb (Duration: 10.3ms | Allocations: 1360)
Completed 200 OK in 14ms (Views: 11.3ms | ActiveRecord: 0.1ms | Allocations: 1962)


Started GET "/articles/1" for ::1 at 2024-01-10 17:37:29 +0200
Processing by ArticlesController#show as HTML
  Parameters: {"id"=>"1"}
  [1m[36mArticle Load (0.2ms)[0m  [1m[34mSELECT "articles".* FROM "articles" WHERE "articles"."id" = ? LIMIT ?[0m  [["id", 1], ["LIMIT", 1]]
  ↳ app/controllers/articles_controller.rb:7:in `show'
  Rendering layout layouts/application.html.erb
  Rendering articles/show.html.erb within layouts/application
  Rendered articles/show.html.erb within layouts/application (Duration: 0.1ms | Allocations: 13)
  Rendered layout layouts/application.html.erb (Duration: 4.2ms | Allocations: 1353)
Completed 200 OK in 8ms (Views: 5.0ms | ActiveRecord: 0.1ms | Allocations: 1955)


Started GET "/articles/2" for ::1 at 2024-01-10 17:37:31 +0200
Processing by ArticlesController#show as HTML
  Parameters: {"id"=>"2"}
  [1m[36mArticle Load (0.2ms)[0m  [1m[34mSELECT "articles".* FROM "articles" WHERE "articles"."id" = ? LIMIT ?[0m  [["id", 2], ["LIMIT", 1]]
  ↳ app/controllers/articles_controller.rb:7:in `show'
  Rendering layout layouts/application.html.erb
  Rendering articles/show.html.erb within layouts/application
  Rendered articles/show.html.erb within layouts/application (Duration: 0.1ms | Allocations: 14)
  Rendered layout layouts/application.html.erb (Duration: 4.3ms | Allocations: 1370)
Completed 200 OK in 8ms (Views: 5.3ms | ActiveRecord: 0.2ms | Allocations: 1971)


Started GET "/articles/1" for ::1 at 2024-01-10 17:37:33 +0200
Processing by ArticlesController#show as HTML
  Parameters: {"id"=>"1"}
  [1m[36mArticle Load (0.1ms)[0m  [1m[34mSELECT "articles".* FROM "articles" WHERE "articles"."id" = ? LIMIT ?[0m  [["id", 1], ["LIMIT", 1]]
  ↳ app/controllers/articles_controller.rb:7:in `show'
  Rendering layout layouts/application.html.erb
  Rendering articles/show.html.erb within layouts/application
  Rendered articles/show.html.erb within layouts/application (Duration: 0.1ms | Allocations: 13)
  Rendered layout layouts/application.html.erb (Duration: 4.1ms | Allocations: 1356)
Completed 200 OK in 7ms (Views: 4.9ms | ActiveRecord: 0.1ms | Allocations: 1957)


Started GET "/articles/2" for ::1 at 2024-01-10 17:37:35 +0200
Processing by ArticlesController#show as HTML
  Parameters: {"id"=>"2"}
  [1m[36mArticle Load (0.1ms)[0m  [1m[34mSELECT "articles".* FROM "articles" WHERE "articles"."id" = ? LIMIT ?[0m  [["id", 2], ["LIMIT", 1]]
  ↳ app/controllers/articles_controller.rb:7:in `show'
  Rendering layout layouts/application.html.erb
  Rendering articles/show.html.erb within layouts/application
  Rendered articles/show.html.erb within layouts/application (Duration: 0.1ms | Allocations: 14)
  Rendered layout layouts/application.html.erb (Duration: 3.8ms | Allocations: 1357)
Completed 200 OK in 7ms (Views: 4.7ms | ActiveRecord: 0.1ms | Allocations: 1958)


Started GET "/articles/1" for ::1 at 2024-01-10 17:37:37 +0200
Processing by ArticlesController#show as HTML
  Parameters: {"id"=>"1"}
  [1m[36mArticle Load (0.2ms)[0m  [1m[34mSELECT "articles".* FROM "articles" WHERE "articles"."id" = ? LIMIT ?[0m  [["id", 1], ["LIMIT", 1]]
  ↳ app/controllers/articles_controller.rb:7:in `show'
  Rendering layout layouts/application.html.erb
  Rendering articles/show.html.erb within layouts/application
  Rendered articles/show.html.erb within layouts/application (Duration: 0.1ms | Allocations: 13)
  Rendered layout layouts/application.html.erb (Duration: 5.6ms | Allocations: 1348)
Completed 200 OK in 10ms (Views: 6.8ms | ActiveRecord: 0.2ms | Allocations: 1949)


Started GET "/articles/2" for ::1 at 2024-01-10 17:37:38 +0200
Processing by ArticlesController#show as HTML
  Parameters: {"id"=>"2"}
  [1m[36mArticle Load (0.2ms)[0m  [1m[34mSELECT "articles".* FROM "articles" WHERE "articles"."id" = ? LIMIT ?[0m  [["id", 2], ["LIMIT", 1]]
  ↳ app/controllers/articles_controller.rb:7:in `show'
  Rendering layout layouts/application.html.erb
  Rendering articles/show.html.erb within layouts/application
  Rendered articles/show.html.erb within layouts/application (Duration: 0.1ms | Allocations: 14)
  Rendered layout layouts/application.html.erb (Duration: 3.9ms | Allocations: 1339)
Completed 200 OK in 7ms (Views: 4.8ms | ActiveRecord: 0.1ms | Allocations: 1940)


Started GET "/articles/1" for ::1 at 2024-01-10 17:37:40 +0200
Processing by ArticlesController#show as HTML
  Parameters: {"id"=>"1"}
  [1m[36mArticle Load (0.2ms)[0m  [1m[34mSELECT "articles".* FROM "articles" WHERE "articles"."id" = ? LIMIT ?[0m  [["id", 1], ["LIMIT", 1]]
  ↳ app/controllers/articles_controller.rb:7:in `show'
  Rendering layout layouts/application.html.erb
  Rendering articles/show.html.erb within layouts/application
  Rendered articles/show.html.erb within layouts/application (Duration: 0.1ms | Allocations: 13)
  Rendered layout layouts/application.html.erb (Duration: 5.7ms | Allocations: 1341)
Completed 200 OK in 10ms (Views: 6.8ms | ActiveRecord: 0.2ms | Allocations: 1942)


Started GET "/articles/2" for ::1 at 2024-01-10 17:37:41 +0200
Processing by ArticlesController#show as HTML
  Parameters: {"id"=>"2"}
  [1m[36mArticle Load (0.1ms)[0m  [1m[34mSELECT "articles".* FROM "articles" WHERE "articles"."id" = ? LIMIT ?[0m  [["id", 2], ["LIMIT", 1]]
  ↳ app/controllers/articles_controller.rb:7:in `show'
  Rendering layout layouts/application.html.erb
  Rendering articles/show.html.erb within layouts/application
  Rendered articles/show.html.erb within layouts/application (Duration: 0.1ms | Allocations: 14)
  Rendered layout layouts/application.html.erb (Duration: 3.8ms | Allocations: 1363)
Completed 200 OK in 7ms (Views: 4.7ms | ActiveRecord: 0.1ms | Allocations: 1964)


Started GET "/articles/1" for ::1 at 2024-01-10 17:37:43 +0200
Processing by ArticlesController#show as HTML
  Parameters: {"id"=>"1"}
  [1m[36mArticle Load (0.1ms)[0m  [1m[34mSELECT "articles".* FROM "articles" WHERE "articles"."id" = ? LIMIT ?[0m  [["id", 1], ["LIMIT", 1]]
  ↳ app/controllers/articles_controller.rb:7:in `show'
  Rendering layout layouts/application.html.erb
  Rendering articles/show.html.erb within layouts/application
  Rendered articles/show.html.erb within layouts/application (Duration: 0.1ms | Allocations: 13)
  Rendered layout layouts/application.html.erb (Duration: 4.3ms | Allocations: 1344)
Completed 200 OK in 8ms (Views: 5.2ms | ActiveRecord: 0.1ms | Allocations: 1945)


Started GET "/articles/2" for ::1 at 2024-01-10 17:37:45 +0200
Processing by ArticlesController#show as HTML
  Parameters: {"id"=>"2"}
  [1m[36mArticle Load (0.1ms)[0m  [1m[34mSELECT "articles".* FROM "articles" WHERE "articles"."id" = ? LIMIT ?[0m  [["id", 2], ["LIMIT", 1]]
  ↳ app/controllers/articles_controller.rb:7:in `show'
  Rendering layout layouts/application.html.erb
  Rendering articles/show.html.erb within layouts/application
  Rendered articles/show.html.erb within layouts/application (Duration: 0.1ms | Allocations: 14)
  Rendered layout layouts/application.html.erb (Duration: 4.4ms | Allocations: 1348)
Completed 200 OK in 7ms (Views: 5.3ms | ActiveRecord: 0.1ms | Allocations: 1949)


Started GET "/" for ::1 at 2024-01-10 17:37:57 +0200
Processing by ArticlesController#index as HTML
  Rendering layout layouts/application.html.erb
  Rendering articles/index.html.erb within layouts/application
  [1m[36mArticle Load (0.2ms)[0m  [1m[34mSELECT "articles".* FROM "articles"[0m
  ↳ app/views/articles/index.html.erb:4
  Rendered articles/index.html.erb within layouts/application (Duration: 2.2ms | Allocations: 422)
  Rendered layout layouts/application.html.erb (Duration: 6.2ms | Allocations: 1766)
Completed 200 OK in 9ms (Views: 7.7ms | ActiveRecord: 0.1ms | Allocations: 2016)


Started GET "/articles/1" for ::1 at 2024-01-10 17:37:59 +0200
Processing by ArticlesController#show as HTML
  Parameters: {"id"=>"1"}
  [1m[36mArticle Load (0.1ms)[0m  [1m[34mSELECT "articles".* FROM "articles" WHERE "articles"."id" = ? LIMIT ?[0m  [["id", 1], ["LIMIT", 1]]
  ↳ app/controllers/articles_controller.rb:7:in `show'
  Rendering layout layouts/application.html.erb
  Rendering articles/show.html.erb within layouts/application
  Rendered articles/show.html.erb within layouts/application (Duration: 0.1ms | Allocations: 13)
  Rendered layout layouts/application.html.erb (Duration: 3.9ms | Allocations: 1368)
Completed 200 OK in 7ms (Views: 4.8ms | ActiveRecord: 0.1ms | Allocations: 1969)


Started GET "/articles/2" for ::1 at 2024-01-10 17:38:02 +0200
Processing by ArticlesController#show as HTML
  Parameters: {"id"=>"2"}
  [1m[36mArticle Load (0.2ms)[0m  [1m[34mSELECT "articles".* FROM "articles" WHERE "articles"."id" = ? LIMIT ?[0m  [["id", 2], ["LIMIT", 1]]
  ↳ app/controllers/articles_controller.rb:7:in `show'
  Rendering layout layouts/application.html.erb
  Rendering articles/show.html.erb within layouts/application
  Rendered articles/show.html.erb within layouts/application (Duration: 0.2ms | Allocations: 14)
  Rendered layout layouts/application.html.erb (Duration: 6.2ms | Allocations: 1352)
Completed 200 OK in 11ms (Views: 7.5ms | ActiveRecord: 0.2ms | Allocations: 1954)


Started GET "/" for ::1 at 2024-01-10 18:01:08 +0200
Processing by ArticlesController#index as HTML
  Rendering layout layouts/application.html.erb
  Rendering articles/index.html.erb within layouts/application
  [1m[36mArticle Load (2.2ms)[0m  [1m[34mSELECT "articles".* FROM "articles"[0m
  ↳ app/views/articles/index.html.erb:4
  Rendered articles/index.html.erb within layouts/application (Duration: 10.9ms | Allocations: 3061)
  Rendered layout layouts/application.html.erb (Duration: 40.2ms | Allocations: 18014)
Completed 200 OK in 48ms (Views: 40.1ms | ActiveRecord: 2.9ms | Allocations: 19486)


Started GET "/" for ::1 at 2024-01-10 18:01:11 +0200
Processing by ArticlesController#index as HTML
  Rendering layout layouts/application.html.erb
  Rendering articles/index.html.erb within layouts/application
  [1m[36mArticle Load (0.2ms)[0m  [1m[34mSELECT "articles".* FROM "articles"[0m
  ↳ app/views/articles/index.html.erb:4
  Rendered articles/index.html.erb within layouts/application (Duration: 3.6ms | Allocations: 423)
  Rendered layout layouts/application.html.erb (Duration: 7.8ms | Allocations: 1767)
Completed 200 OK in 10ms (Views: 8.9ms | ActiveRecord: 0.2ms | Allocations: 2017)


Started GET "/" for ::1 at 2024-01-10 18:01:13 +0200
Processing by ArticlesController#index as HTML
  Rendering layout layouts/application.html.erb
  Rendering articles/index.html.erb within layouts/application
  [1m[36mArticle Load (0.2ms)[0m  [1m[34mSELECT "articles".* FROM "articles"[0m
  ↳ app/views/articles/index.html.erb:4
  Rendered articles/index.html.erb within layouts/application (Duration: 2.3ms | Allocations: 422)
  Rendered layout layouts/application.html.erb (Duration: 6.7ms | Allocations: 1745)
Completed 200 OK in 10ms (Views: 8.8ms | ActiveRecord: 0.2ms | Allocations: 1995)


Started GET "/" for ::1 at 2024-01-10 18:01:41 +0200
  [1m[36mActiveRecord::SchemaMigration Load (0.3ms)[0m  [1m[34mSELECT "schema_migrations"."version" FROM "schema_migrations" ORDER BY "schema_migrations"."version" ASC[0m
Processing by ArticlesController#index as HTML
  Rendering layout layouts/application.html.erb
  Rendering articles/index.html.erb within layouts/application
  [1m[36mArticle Load (0.2ms)[0m  [1m[34mSELECT "articles".* FROM "articles"[0m
  ↳ app/views/articles/index.html.erb:4
  Rendered articles/index.html.erb within layouts/application (Duration: 74.3ms | Allocations: 10065)
  Rendered layout layouts/application.html.erb (Duration: 276.6ms | Allocations: 44328)
Completed 200 OK in 321ms (Views: 279.1ms | ActiveRecord: 4.2ms | Allocations: 54190)


Started GET "/articles/1" for ::1 at 2024-01-10 18:01:44 +0200
Processing by ArticlesController#show as HTML
  Parameters: {"id"=>"1"}
  [1m[36mArticle Load (0.3ms)[0m  [1m[34mSELECT "articles".* FROM "articles" WHERE "articles"."id" = ? LIMIT ?[0m  [["id", 1], ["LIMIT", 1]]
  ↳ app/controllers/articles_controller.rb:7:in `show'
  Rendering layout layouts/application.html.erb
  Rendering articles/show.html.erb within layouts/application
  Rendered articles/show.html.erb within layouts/application (Duration: 0.9ms | Allocations: 158)
  Rendered layout layouts/application.html.erb (Duration: 5.4ms | Allocations: 1486)
Completed 200 OK in 13ms (Views: 6.3ms | ActiveRecord: 0.3ms | Allocations: 3998)


Started GET "/articles/2" for ::1 at 2024-01-10 18:01:46 +0200
Processing by ArticlesController#show as HTML
  Parameters: {"id"=>"2"}
  [1m[36mArticle Load (0.2ms)[0m  [1m[34mSELECT "articles".* FROM "articles" WHERE "articles"."id" = ? LIMIT ?[0m  [["id", 2], ["LIMIT", 1]]
  ↳ app/controllers/articles_controller.rb:7:in `show'
  Rendering layout layouts/application.html.erb
  Rendering articles/show.html.erb within layouts/application
  Rendered articles/show.html.erb within layouts/application (Duration: 0.2ms | Allocations: 14)
  Rendered layout layouts/application.html.erb (Duration: 5.5ms | Allocations: 1348)
Completed 200 OK in 10ms (Views: 6.8ms | ActiveRecord: 0.2ms | Allocations: 1969)


Started GET "/articles/1" for ::1 at 2024-01-10 18:01:48 +0200
Processing by ArticlesController#show as HTML
  Parameters: {"id"=>"1"}
  [1m[36mArticle Load (0.2ms)[0m  [1m[34mSELECT "articles".* FROM "articles" WHERE "articles"."id" = ? LIMIT ?[0m  [["id", 1], ["LIMIT", 1]]
  ↳ app/controllers/articles_controller.rb:7:in `show'
  Rendering layout layouts/application.html.erb
  Rendering articles/show.html.erb within layouts/application
  Rendered articles/show.html.erb within layouts/application (Duration: 0.1ms | Allocations: 13)
  Rendered layout layouts/application.html.erb (Duration: 5.7ms | Allocations: 1353)
Completed 200 OK in 10ms (Views: 6.9ms | ActiveRecord: 0.2ms | Allocations: 1973)


Started GET "/" for ::1 at 2024-01-10 18:10:15 +0200
Processing by ArticlesController#index as HTML
  Rendering layout layouts/application.html.erb
  Rendering articles/index.html.erb within layouts/application
  [1m[36mArticle Load (2.0ms)[0m  [1m[34mSELECT "articles".* FROM "articles"[0m
  ↳ app/views/articles/index.html.erb:4
  Rendered articles/index.html.erb within layouts/application (Duration: 11.6ms | Allocations: 3231)
  Rendered layout layouts/application.html.erb (Duration: 39.2ms | Allocations: 17989)
Completed 200 OK in 46ms (Views: 39.1ms | ActiveRecord: 3.1ms | Allocations: 19468)


Started GET "/" for ::1 at 2024-01-10 18:10:16 +0200
Processing by ArticlesController#index as HTML
  Rendering layout layouts/application.html.erb
  Rendering articles/index.html.erb within layouts/application
  [1m[36mArticle Load (0.2ms)[0m  [1m[34mSELECT "articles".* FROM "articles"[0m
  ↳ app/views/articles/index.html.erb:4
  Rendered articles/index.html.erb within layouts/application (Duration: 4.4ms | Allocations: 479)
  Rendered layout layouts/application.html.erb (Duration: 11.4ms | Allocations: 1819)
Completed 200 OK in 14ms (Views: 12.7ms | ActiveRecord: 0.2ms | Allocations: 2074)


Started GET "/articles/1" for ::1 at 2024-01-10 18:10:18 +0200
Processing by ArticlesController#show as HTML
  Parameters: {"id"=>"1"}
  [1m[36mArticle Load (0.3ms)[0m  [1m[34mSELECT "articles".* FROM "articles" WHERE "articles"."id" = ? LIMIT ?[0m  [["id", 1], ["LIMIT", 1]]
  ↳ app/controllers/articles_controller.rb:7:in `show'
  Rendering layout layouts/application.html.erb
  Rendering articles/show.html.erb within layouts/application
  Rendered articles/show.html.erb within layouts/application (Duration: 0.9ms | Allocations: 150)
  Rendered layout layouts/application.html.erb (Duration: 5.1ms | Allocations: 1490)
Completed 200 OK in 10ms (Views: 6.1ms | ActiveRecord: 0.2ms | Allocations: 2774)


Started GET "/articles/2" for ::1 at 2024-01-10 18:10:21 +0200
Processing by ArticlesController#show as HTML
  Parameters: {"id"=>"2"}
  [1m[36mArticle Load (0.2ms)[0m  [1m[34mSELECT "articles".* FROM "articles" WHERE "articles"."id" = ? LIMIT ?[0m  [["id", 2], ["LIMIT", 1]]
  ↳ app/controllers/articles_controller.rb:7:in `show'
  Rendering layout layouts/application.html.erb
  Rendering articles/show.html.erb within layouts/application
  Rendered articles/show.html.erb within layouts/application (Duration: 0.1ms | Allocations: 14)
  Rendered layout layouts/application.html.erb (Duration: 14.2ms | Allocations: 1374)
Completed 200 OK in 18ms (Views: 15.3ms | ActiveRecord: 0.1ms | Allocations: 1982)


Started GET "/articles/1" for ::1 at 2024-01-10 18:10:26 +0200
Processing by ArticlesController#show as HTML
  Parameters: {"id"=>"1"}
  [1m[36mArticle Load (0.3ms)[0m  [1m[34mSELECT "articles".* FROM "articles" WHERE "articles"."id" = ? LIMIT ?[0m  [["id", 1], ["LIMIT", 1]]
  ↳ app/controllers/articles_controller.rb:7:in `show'
  Rendering layout layouts/application.html.erb
  Rendering articles/show.html.erb within layouts/application
  Rendered articles/show.html.erb within layouts/application (Duration: 0.2ms | Allocations: 13)
  Rendered layout layouts/application.html.erb (Duration: 5.5ms | Allocations: 1365)
Completed 200 OK in 12ms (Views: 6.6ms | ActiveRecord: 0.2ms | Allocations: 1972)


Started GET "/" for ::1 at 2024-01-10 21:33:44 +0200
Processing by ArticlesController#index as HTML
  Rendering layout layouts/application.html.erb
  Rendering articles/index.html.erb within layouts/application
  [1m[36mArticle Load (1.8ms)[0m  [1m[34mSELECT "articles".* FROM "articles"[0m
  ↳ app/views/articles/index.html.erb:4
  Rendered articles/index.html.erb within layouts/application (Duration: 10.3ms | Allocations: 3149)
  Rendered layout layouts/application.html.erb (Duration: 36.3ms | Allocations: 18079)
Completed 200 OK in 43ms (Views: 36.3ms | ActiveRecord: 2.8ms | Allocations: 19556)


Started GET "/articles/1" for ::1 at 2024-01-10 21:33:51 +0200
Processing by ArticlesController#show as HTML
  Parameters: {"id"=>"1"}
  [1m[36mArticle Load (0.4ms)[0m  [1m[34mSELECT "articles".* FROM "articles" WHERE "articles"."id" = ? LIMIT ?[0m  [["id", 1], ["LIMIT", 1]]
  ↳ app/controllers/articles_controller.rb:7:in `show'
  Rendering layout layouts/application.html.erb
  Rendering articles/show.html.erb within layouts/application
  Rendered articles/show.html.erb within layouts/application (Duration: 1.5ms | Allocations: 150)
  Rendered layout layouts/application.html.erb (Duration: 7.9ms | Allocations: 1487)
Completed 200 OK in 15ms (Views: 9.3ms | ActiveRecord: 0.4ms | Allocations: 2773)


Started GET "/new" for ::1 at 2024-01-10 21:34:33 +0200
  
ActionController::RoutingError (No route matches [GET] "/new"):
  
Started GET "/" for ::1 at 2024-01-10 21:40:51 +0200
Processing by ArticlesController#index as HTML
  Rendering layout layouts/application.html.erb
  Rendering articles/index.html.erb within layouts/application
  [1m[36mArticle Load (0.2ms)[0m  [1m[34mSELECT "articles".* FROM "articles"[0m
  ↳ app/views/articles/index.html.erb:4
  Rendered articles/index.html.erb within layouts/application (Duration: 12.8ms | Allocations: 3588)
  Rendered layout layouts/application.html.erb (Duration: 38.1ms | Allocations: 18501)
Completed 200 OK in 45ms (Views: 37.1ms | ActiveRecord: 3.7ms | Allocations: 19975)


Started GET "/" for ::1 at 2024-01-10 21:40:54 +0200
Processing by ArticlesController#index as HTML
  Rendering layout layouts/application.html.erb
  Rendering articles/index.html.erb within layouts/application
  [1m[36mArticle Load (0.2ms)[0m  [1m[34mSELECT "articles".* FROM "articles"[0m
  ↳ app/views/articles/index.html.erb:4
  Rendered articles/index.html.erb within layouts/application (Duration: 2.6ms | Allocations: 479)
  Rendered layout layouts/application.html.erb (Duration: 6.8ms | Allocations: 1825)
Completed 200 OK in 9ms (Views: 7.6ms | ActiveRecord: 0.2ms | Allocations: 2079)


Started GET "/articles/1" for ::1 at 2024-01-10 21:41:08 +0200
Processing by ArticlesController#show as HTML
  Parameters: {"id"=>"1"}
  [1m[36mArticle Load (0.3ms)[0m  [1m[34mSELECT "articles".* FROM "articles" WHERE "articles"."id" = ? LIMIT ?[0m  [["id", 1], ["LIMIT", 1]]
  ↳ app/controllers/articles_controller.rb:7:in `show'
  Rendering layout layouts/application.html.erb
  Rendering articles/show.html.erb within layouts/application
  Rendered articles/show.html.erb within layouts/application (Duration: 1.0ms | Allocations: 150)
  Rendered layout layouts/application.html.erb (Duration: 5.1ms | Allocations: 1487)
Completed 200 OK in 10ms (Views: 6.1ms | ActiveRecord: 0.2ms | Allocations: 2771)


Started GET "/" for ::1 at 2024-01-10 21:43:47 +0200
  [1m[36mActiveRecord::SchemaMigration Load (0.3ms)[0m  [1m[34mSELECT "schema_migrations"."version" FROM "schema_migrations" ORDER BY "schema_migrations"."version" ASC[0m
Processing by ArticlesController#index as HTML
  Rendering layout layouts/application.html.erb
  Rendering articles/index.html.erb within layouts/application
  [1m[36mArticle Load (0.2ms)[0m  [1m[34mSELECT "articles".* FROM "articles"[0m
  ↳ app/views/articles/index.html.erb:4
Started GET "/" for ::1 at 2024-01-10 21:43:48 +0200
Processing by ArticlesController#index as HTML
  Rendering layout layouts/application.html.erb
  Rendering articles/index.html.erb within layouts/application
  [1m[36mArticle Load (4.7ms)[0m  [1m[34mSELECT "articles".* FROM "articles"[0m
  ↳ app/views/articles/index.html.erb:4
  Rendered articles/index.html.erb within layouts/application (Duration: 124.4ms | Allocations: 12257)
  Rendered articles/index.html.erb within layouts/application (Duration: 45.1ms | Allocations: 2665)
Started GET "/" for ::1 at 2024-01-10 21:43:48 +0200
  Rendered layout layouts/application.html.erb (Duration: 361.8ms | Allocations: 69236)
  Rendered layout layouts/application.html.erb (Duration: 286.0ms | Allocations: 65392)
Completed 200 OK in 417ms (Views: 373.5ms | ActiveRecord: 3.9ms | Allocations: 84941)


Completed 200 OK in 293ms (Views: 279.8ms | ActiveRecord: 8.5ms | Allocations: 65909)


Processing by ArticlesController#index as HTML
  Rendering layout layouts/application.html.erb
  Rendering articles/index.html.erb within layouts/application
  [1m[36mArticle Load (0.1ms)[0m  [1m[34mSELECT "articles".* FROM "articles"[0m
  ↳ app/views/articles/index.html.erb:4
  Rendered articles/index.html.erb within layouts/application (Duration: 2.6ms | Allocations: 485)
  Rendered layout layouts/application.html.erb (Duration: 6.4ms | Allocations: 1845)
Completed 200 OK in 8ms (Views: 7.2ms | ActiveRecord: 0.1ms | Allocations: 2108)


Started GET "/" for ::1 at 2024-01-10 21:44:24 +0200
Processing by ArticlesController#index as HTML
  Rendering layout layouts/application.html.erb
  Rendering articles/index.html.erb within layouts/application
  [1m[36mArticle Load (0.2ms)[0m  [1m[34mSELECT "articles".* FROM "articles"[0m
  ↳ app/views/articles/index.html.erb:4
  Rendered articles/index.html.erb within layouts/application (Duration: 2.7ms | Allocations: 484)
  Rendered layout layouts/application.html.erb (Duration: 7.0ms | Allocations: 1812)
Completed 200 OK in 9ms (Views: 7.8ms | ActiveRecord: 0.1ms | Allocations: 2075)


Started GET "/articles/new" for ::1 at 2024-01-10 22:09:11 +0200
Processing by ArticlesController#new as HTML
  Rendering layout layouts/application.html.erb
  Rendering articles/new.html.erb within layouts/application
  Rendered articles/new.html.erb within layouts/application (Duration: 11.4ms | Allocations: 2376)
  Rendered layout layouts/application.html.erb (Duration: 49.8ms | Allocations: 17077)
Completed 200 OK in 64ms (Views: 53.0ms | ActiveRecord: 0.0ms | Allocations: 20910)


Started POST "/articles" for ::1 at 2024-01-10 22:09:44 +0200
Processing by ArticlesController#create as TURBO_STREAM
  Parameters: {"authenticity_token"=>"[FILTERED]", "article"=>{"title"=>"Another article", "body"=>"This just a dummy body I create to fill-up space."}, "commit"=>"Create Article"}
  [1m[36mTRANSACTION (0.1ms)[0m  [1m[36mbegin transaction[0m
  ↳ app/controllers/articles_controller.rb:16:in `create'
  [1m[36mArticle Create (4.4ms)[0m  [1m[32mINSERT INTO "articles" ("title", "body", "created_at", "updated_at") VALUES (?, ?, ?, ?) RETURNING "id"[0m  [["title", "Another article"], ["body", "This just a dummy body I create to fill-up space."], ["created_at", "2024-01-10 20:09:44.587346"], ["updated_at", "2024-01-10 20:09:44.587346"]]
  ↳ app/controllers/articles_controller.rb:16:in `create'
  [1m[36mTRANSACTION (2.4ms)[0m  [1m[36mcommit transaction[0m
  ↳ app/controllers/articles_controller.rb:16:in `create'
Redirected to http://localhost:3000/articles/3
Completed 302 Found in 16ms (ActiveRecord: 8.0ms | Allocations: 3684)


Started GET "/articles/3" for ::1 at 2024-01-10 22:09:44 +0200
Processing by ArticlesController#show as TURBO_STREAM
  Parameters: {"id"=>"3"}
  [1m[36mArticle Load (0.3ms)[0m  [1m[34mSELECT "articles".* FROM "articles" WHERE "articles"."id" = ? LIMIT ?[0m  [["id", 3], ["LIMIT", 1]]
  ↳ app/controllers/articles_controller.rb:7:in `show'
  Rendering layout layouts/application.html.erb
  Rendering articles/show.html.erb within layouts/application
  Rendered articles/show.html.erb within layouts/application (Duration: 0.8ms | Allocations: 160)
  Rendered layout layouts/application.html.erb (Duration: 4.7ms | Allocations: 1505)
Completed 200 OK in 12ms (Views: 5.6ms | ActiveRecord: 0.2ms | Allocations: 4037)


Started GET "/articles/new" for ::1 at 2024-01-10 22:09:51 +0200
Processing by ArticlesController#new as HTML
  Rendering layout layouts/application.html.erb
  Rendering articles/new.html.erb within layouts/application
  Rendered articles/new.html.erb within layouts/application (Duration: 3.3ms | Allocations: 771)
  Rendered layout layouts/application.html.erb (Duration: 6.9ms | Allocations: 1878)
Completed 200 OK in 9ms (Views: 8.1ms | ActiveRecord: 0.0ms | Allocations: 2137)


Started GET "/" for ::1 at 2024-01-10 22:09:56 +0200
Processing by ArticlesController#index as HTML
  Rendering layout layouts/application.html.erb
  Rendering articles/index.html.erb within layouts/application
  [1m[36mArticle Load (0.4ms)[0m  [1m[34mSELECT "articles".* FROM "articles"[0m
  ↳ app/views/articles/index.html.erb:4
  Rendered articles/index.html.erb within layouts/application (Duration: 5.0ms | Allocations: 728)
  Rendered layout layouts/application.html.erb (Duration: 9.9ms | Allocations: 2077)
Completed 200 OK in 13ms (Views: 10.8ms | ActiveRecord: 0.3ms | Allocations: 2395)


Started GET "/articles/3" for ::1 at 2024-01-10 22:09:57 +0200
Processing by ArticlesController#show as HTML
  Parameters: {"id"=>"3"}
  [1m[36mArticle Load (0.1ms)[0m  [1m[34mSELECT "articles".* FROM "articles" WHERE "articles"."id" = ? LIMIT ?[0m  [["id", 3], ["LIMIT", 1]]
  ↳ app/controllers/articles_controller.rb:7:in `show'
  Rendering layout layouts/application.html.erb
  Rendering articles/show.html.erb within layouts/application
  Rendered articles/show.html.erb within layouts/application (Duration: 0.1ms | Allocations: 14)
  Rendered layout layouts/application.html.erb (Duration: 3.9ms | Allocations: 1360)
Completed 200 OK in 7ms (Views: 4.7ms | ActiveRecord: 0.1ms | Allocations: 1968)


Started GET "/articles/2" for ::1 at 2024-01-10 22:10:00 +0200
Processing by ArticlesController#show as HTML
  Parameters: {"id"=>"2"}
  [1m[36mArticle Load (0.2ms)[0m  [1m[34mSELECT "articles".* FROM "articles" WHERE "articles"."id" = ? LIMIT ?[0m  [["id", 2], ["LIMIT", 1]]
  ↳ app/controllers/articles_controller.rb:7:in `show'
  Rendering layout layouts/application.html.erb
  Rendering articles/show.html.erb within layouts/application
  Rendered articles/show.html.erb within layouts/application (Duration: 0.1ms | Allocations: 14)
  Rendered layout layouts/application.html.erb (Duration: 4.3ms | Allocations: 1354)
Completed 200 OK in 7ms (Views: 5.1ms | ActiveRecord: 0.1ms | Allocations: 1961)


Started GET "/articles/1" for ::1 at 2024-01-10 22:10:02 +0200
Processing by ArticlesController#show as HTML
  Parameters: {"id"=>"1"}
  [1m[36mArticle Load (0.2ms)[0m  [1m[34mSELECT "articles".* FROM "articles" WHERE "articles"."id" = ? LIMIT ?[0m  [["id", 1], ["LIMIT", 1]]
  ↳ app/controllers/articles_controller.rb:7:in `show'
  Rendering layout layouts/application.html.erb
  Rendering articles/show.html.erb within layouts/application
  Rendered articles/show.html.erb within layouts/application (Duration: 0.1ms | Allocations: 13)
  Rendered layout layouts/application.html.erb (Duration: 4.1ms | Allocations: 1353)
Completed 200 OK in 7ms (Views: 5.0ms | ActiveRecord: 0.1ms | Allocations: 1960)


Started GET "/articles/2" for ::1 at 2024-01-10 22:10:05 +0200
Processing by ArticlesController#show as HTML
  Parameters: {"id"=>"2"}
  [1m[36mArticle Load (0.1ms)[0m  [1m[34mSELECT "articles".* FROM "articles" WHERE "articles"."id" = ? LIMIT ?[0m  [["id", 2], ["LIMIT", 1]]
  ↳ app/controllers/articles_controller.rb:7:in `show'
  Rendering layout layouts/application.html.erb
  Rendering articles/show.html.erb within layouts/application
  Rendered articles/show.html.erb within layouts/application (Duration: 0.1ms | Allocations: 14)
  Rendered layout layouts/application.html.erb (Duration: 3.8ms | Allocations: 1339)
Completed 200 OK in 7ms (Views: 4.7ms | ActiveRecord: 0.1ms | Allocations: 1948)


Started GET "/articles/new" for ::1 at 2024-01-10 22:12:02 +0200
Processing by ArticlesController#new as HTML
  Rendering layout layouts/application.html.erb
  Rendering articles/new.html.erb within layouts/application
  Rendered articles/new.html.erb within layouts/application (Duration: 3.1ms | Allocations: 776)
  Rendered layout layouts/application.html.erb (Duration: 6.5ms | Allocations: 1883)
Completed 200 OK in 8ms (Views: 7.4ms | ActiveRecord: 0.0ms | Allocations: 2140)


Started POST "/articles" for ::1 at 2024-01-10 22:12:07 +0200
Processing by ArticlesController#create as TURBO_STREAM
  Parameters: {"authenticity_token"=>"[FILTERED]", "article"=>{"title"=>" ", "body"=>" "}, "commit"=>"Create Article"}
  Rendering layout layouts/application.html.erb
  Rendering articles/new.html.erb within layouts/application
  Rendered articles/new.html.erb within layouts/application (Duration: 7.8ms | Allocations: 2006)
  Rendered layout layouts/application.html.erb (Duration: 11.6ms | Allocations: 3109)
Completed 422 Unprocessable Entity in 17ms (Views: 12.9ms | ActiveRecord: 0.0ms | Allocations: 4233)


Started POST "/articles" for ::1 at 2024-01-10 22:12:16 +0200
Processing by ArticlesController#create as TURBO_STREAM
  Parameters: {"authenticity_token"=>"[FILTERED]", "article"=>{"title"=>"    ", "body"=>" ff"}, "commit"=>"Create Article"}
  Rendering layout layouts/application.html.erb
  Rendering articles/new.html.erb within layouts/application
  Rendered articles/new.html.erb within layouts/application (Duration: 5.5ms | Allocations: 1428)
  Rendered layout layouts/application.html.erb (Duration: 10.3ms | Allocations: 2531)
Completed 422 Unprocessable Entity in 16ms (Views: 11.5ms | ActiveRecord: 0.0ms | Allocations: 3635)


Started POST "/articles" for ::1 at 2024-01-10 22:12:17 +0200
Processing by ArticlesController#create as TURBO_STREAM
  Parameters: {"authenticity_token"=>"[FILTERED]", "article"=>{"title"=>"    ", "body"=>" ff"}, "commit"=>"Create Article"}
  Rendering layout layouts/application.html.erb
  Rendering articles/new.html.erb within layouts/application
  Rendered articles/new.html.erb within layouts/application (Duration: 4.1ms | Allocations: 1428)
  Rendered layout layouts/application.html.erb (Duration: 7.8ms | Allocations: 2531)
Completed 422 Unprocessable Entity in 11ms (Views: 8.8ms | ActiveRecord: 0.0ms | Allocations: 3606)


Started POST "/articles" for ::1 at 2024-01-10 22:12:18 +0200
Processing by ArticlesController#create as TURBO_STREAM
  Parameters: {"authenticity_token"=>"[FILTERED]", "article"=>{"title"=>"    ", "body"=>" ff"}, "commit"=>"Create Article"}
  Rendering layout layouts/application.html.erb
  Rendering articles/new.html.erb within layouts/application
  Rendered articles/new.html.erb within layouts/application (Duration: 4.5ms | Allocations: 1428)
  Rendered layout layouts/application.html.erb (Duration: 7.8ms | Allocations: 2531)
Completed 422 Unprocessable Entity in 12ms (Views: 8.8ms | ActiveRecord: 0.0ms | Allocations: 3620)


Started POST "/articles" for ::1 at 2024-01-10 22:12:18 +0200
Processing by ArticlesController#create as TURBO_STREAM
  Parameters: {"authenticity_token"=>"[FILTERED]", "article"=>{"title"=>"    ", "body"=>" ff"}, "commit"=>"Create Article"}
  Rendering layout layouts/application.html.erb
  Rendering articles/new.html.erb within layouts/application
  Rendered articles/new.html.erb within layouts/application (Duration: 6.0ms | Allocations: 1428)
  Rendered layout layouts/application.html.erb (Duration: 10.5ms | Allocations: 2531)
Completed 422 Unprocessable Entity in 16ms (Views: 11.9ms | ActiveRecord: 0.0ms | Allocations: 3607)


Started POST "/articles" for ::1 at 2024-01-10 22:12:18 +0200
Processing by ArticlesController#create as TURBO_STREAM
  Parameters: {"authenticity_token"=>"[FILTERED]", "article"=>{"title"=>"    ", "body"=>" ff"}, "commit"=>"Create Article"}
  Rendering layout layouts/application.html.erb
  Rendering articles/new.html.erb within layouts/application
  Rendered articles/new.html.erb within layouts/application (Duration: 4.5ms | Allocations: 1428)
  Rendered layout layouts/application.html.erb (Duration: 7.8ms | Allocations: 2531)
Completed 422 Unprocessable Entity in 11ms (Views: 8.8ms | ActiveRecord: 0.0ms | Allocations: 3595)


Started POST "/articles" for ::1 at 2024-01-10 22:12:19 +0200
Processing by ArticlesController#create as TURBO_STREAM
  Parameters: {"authenticity_token"=>"[FILTERED]", "article"=>{"title"=>"    ", "body"=>" ff"}, "commit"=>"Create Article"}
  Rendering layout layouts/application.html.erb
  Rendering articles/new.html.erb within layouts/application
  Rendered articles/new.html.erb within layouts/application (Duration: 5.8ms | Allocations: 1428)
  Rendered layout layouts/application.html.erb (Duration: 10.5ms | Allocations: 2531)
Completed 422 Unprocessable Entity in 16ms (Views: 11.8ms | ActiveRecord: 0.0ms | Allocations: 3601)


Started POST "/articles" for ::1 at 2024-01-10 22:12:31 +0200
Processing by ArticlesController#create as TURBO_STREAM
  Parameters: {"authenticity_token"=>"[FILTERED]", "article"=>{"title"=>" A forth title", "body"=>" ff"}, "commit"=>"Create Article"}
  Rendering layout layouts/application.html.erb
  Rendering articles/new.html.erb within layouts/application
  Rendered articles/new.html.erb within layouts/application (Duration: 4.3ms | Allocations: 984)
  Rendered layout layouts/application.html.erb (Duration: 8.6ms | Allocations: 2087)
Completed 422 Unprocessable Entity in 14ms (Views: 9.9ms | ActiveRecord: 0.0ms | Allocations: 3166)


Started POST "/articles" for ::1 at 2024-01-10 22:12:32 +0200
Processing by ArticlesController#create as TURBO_STREAM
  Parameters: {"authenticity_token"=>"[FILTERED]", "article"=>{"title"=>" A forth title", "body"=>" ff"}, "commit"=>"Create Article"}
  Rendering layout layouts/application.html.erb
  Rendering articles/new.html.erb within layouts/application
  Rendered articles/new.html.erb within layouts/application (Duration: 3.2ms | Allocations: 984)
  Rendered layout layouts/application.html.erb (Duration: 6.3ms | Allocations: 2087)
Completed 422 Unprocessable Entity in 10ms (Views: 7.3ms | ActiveRecord: 0.0ms | Allocations: 3150)


Started POST "/articles" for ::1 at 2024-01-10 22:12:33 +0200
Processing by ArticlesController#create as TURBO_STREAM
  Parameters: {"authenticity_token"=>"[FILTERED]", "article"=>{"title"=>" A forth title", "body"=>" ff"}, "commit"=>"Create Article"}
  Rendering layout layouts/application.html.erb
  Rendering articles/new.html.erb within layouts/application
  Rendered articles/new.html.erb within layouts/application (Duration: 3.0ms | Allocations: 984)
  Rendered layout layouts/application.html.erb (Duration: 7.1ms | Allocations: 2102)
Completed 422 Unprocessable Entity in 11ms (Views: 8.0ms | ActiveRecord: 0.0ms | Allocations: 3182)


Started POST "/articles" for ::1 at 2024-01-10 22:12:33 +0200
Processing by ArticlesController#create as TURBO_STREAM
  Parameters: {"authenticity_token"=>"[FILTERED]", "article"=>{"title"=>" A forth title", "body"=>" ff"}, "commit"=>"Create Article"}
  Rendering layout layouts/application.html.erb
  Rendering articles/new.html.erb within layouts/application
  Rendered articles/new.html.erb within layouts/application (Duration: 4.2ms | Allocations: 984)
  Rendered layout layouts/application.html.erb (Duration: 8.3ms | Allocations: 2089)
Completed 422 Unprocessable Entity in 14ms (Views: 9.5ms | ActiveRecord: 0.0ms | Allocations: 3160)


Started POST "/articles" for ::1 at 2024-01-10 22:12:34 +0200
Processing by ArticlesController#create as TURBO_STREAM
  Parameters: {"authenticity_token"=>"[FILTERED]", "article"=>{"title"=>" A forth title", "body"=>" ff"}, "commit"=>"Create Article"}
  Rendering layout layouts/application.html.erb
  Rendering articles/new.html.erb within layouts/application
  Rendered articles/new.html.erb within layouts/application (Duration: 5.8ms | Allocations: 984)
  Rendered layout layouts/application.html.erb (Duration: 9.3ms | Allocations: 2087)
Completed 422 Unprocessable Entity in 15ms (Views: 10.7ms | ActiveRecord: 0.0ms | Allocations: 3167)


Started POST "/articles" for ::1 at 2024-01-10 22:12:34 +0200
Processing by ArticlesController#create as TURBO_STREAM
  Parameters: {"authenticity_token"=>"[FILTERED]", "article"=>{"title"=>" A forth title", "body"=>" ff"}, "commit"=>"Create Article"}
  Rendering layout layouts/application.html.erb
  Rendering articles/new.html.erb within layouts/application
  Rendered articles/new.html.erb within layouts/application (Duration: 4.2ms | Allocations: 984)
  Rendered layout layouts/application.html.erb (Duration: 9.5ms | Allocations: 2087)
Completed 422 Unprocessable Entity in 14ms (Views: 10.7ms | ActiveRecord: 0.0ms | Allocations: 3151)


Started POST "/articles" for ::1 at 2024-01-10 22:12:34 +0200
Processing by ArticlesController#create as TURBO_STREAM
  Parameters: {"authenticity_token"=>"[FILTERED]", "article"=>{"title"=>" A forth title", "body"=>" ff"}, "commit"=>"Create Article"}
  Rendering layout layouts/application.html.erb
  Rendering articles/new.html.erb within layouts/application
  Rendered articles/new.html.erb within layouts/application (Duration: 5.0ms | Allocations: 984)
  Rendered layout layouts/application.html.erb (Duration: 9.5ms | Allocations: 2087)
Completed 422 Unprocessable Entity in 14ms (Views: 10.7ms | ActiveRecord: 0.0ms | Allocations: 3157)


Started POST "/articles" for ::1 at 2024-01-10 22:12:34 +0200
Processing by ArticlesController#create as TURBO_STREAM
  Parameters: {"authenticity_token"=>"[FILTERED]", "article"=>{"title"=>" A forth title", "body"=>" ff"}, "commit"=>"Create Article"}
  Rendering layout layouts/application.html.erb
  Rendering articles/new.html.erb within layouts/application
  Rendered articles/new.html.erb within layouts/application (Duration: 4.2ms | Allocations: 984)
  Rendered layout layouts/application.html.erb (Duration: 8.3ms | Allocations: 2087)
Completed 422 Unprocessable Entity in 14ms (Views: 9.9ms | ActiveRecord: 0.0ms | Allocations: 3154)


Started POST "/articles" for ::1 at 2024-01-10 22:12:34 +0200
Processing by ArticlesController#create as TURBO_STREAM
  Parameters: {"authenticity_token"=>"[FILTERED]", "article"=>{"title"=>" A forth title", "body"=>" ff"}, "commit"=>"Create Article"}
  Rendering layout layouts/application.html.erb
  Rendering articles/new.html.erb within layouts/application
  Rendered articles/new.html.erb within layouts/application (Duration: 5.6ms | Allocations: 984)
  Rendered layout layouts/application.html.erb (Duration: 9.9ms | Allocations: 2087)
Completed 422 Unprocessable Entity in 16ms (Views: 11.3ms | ActiveRecord: 0.0ms | Allocations: 3166)


Started POST "/articles" for ::1 at 2024-01-10 22:12:34 +0200
Processing by ArticlesController#create as TURBO_STREAM
  Parameters: {"authenticity_token"=>"[FILTERED]", "article"=>{"title"=>" A forth title", "body"=>" ff"}, "commit"=>"Create Article"}
  Rendering layout layouts/application.html.erb
  Rendering articles/new.html.erb within layouts/application
  Rendered articles/new.html.erb within layouts/application (Duration: 4.2ms | Allocations: 984)
  Rendered layout layouts/application.html.erb (Duration: 8.7ms | Allocations: 2087)
Completed 422 Unprocessable Entity in 14ms (Views: 10.0ms | ActiveRecord: 0.0ms | Allocations: 3148)


Started POST "/articles" for ::1 at 2024-01-10 22:12:34 +0200
Processing by ArticlesController#create as TURBO_STREAM
  Parameters: {"authenticity_token"=>"[FILTERED]", "article"=>{"title"=>" A forth title", "body"=>" ff"}, "commit"=>"Create Article"}
  Rendering layout layouts/application.html.erb
  Rendering articles/new.html.erb within layouts/application
  Rendered articles/new.html.erb within layouts/application (Duration: 4.4ms | Allocations: 984)
  Rendered layout layouts/application.html.erb (Duration: 9.4ms | Allocations: 2087)
Completed 422 Unprocessable Entity in 14ms (Views: 10.7ms | ActiveRecord: 0.0ms | Allocations: 3172)


Started POST "/articles" for ::1 at 2024-01-10 22:12:35 +0200
Processing by ArticlesController#create as TURBO_STREAM
  Parameters: {"authenticity_token"=>"[FILTERED]", "article"=>{"title"=>" A forth title", "body"=>" ff"}, "commit"=>"Create Article"}
  Rendering layout layouts/application.html.erb
  Rendering articles/new.html.erb within layouts/application
  Rendered articles/new.html.erb within layouts/application (Duration: 3.2ms | Allocations: 984)
  Rendered layout layouts/application.html.erb (Duration: 6.6ms | Allocations: 2087)
Completed 422 Unprocessable Entity in 11ms (Views: 7.7ms | ActiveRecord: 0.0ms | Allocations: 3161)


Started POST "/articles" for ::1 at 2024-01-10 22:12:35 +0200
Processing by ArticlesController#create as TURBO_STREAM
  Parameters: {"authenticity_token"=>"[FILTERED]", "article"=>{"title"=>" A forth title", "body"=>" ff"}, "commit"=>"Create Article"}
  Rendering layout layouts/application.html.erb
  Rendering articles/new.html.erb within layouts/application
  Rendered articles/new.html.erb within layouts/application (Duration: 4.9ms | Allocations: 984)
  Rendered layout layouts/application.html.erb (Duration: 9.3ms | Allocations: 2087)
Completed 422 Unprocessable Entity in 16ms (Views: 10.6ms | ActiveRecord: 0.0ms | Allocations: 3160)


Started POST "/articles" for ::1 at 2024-01-10 22:12:41 +0200
Processing by ArticlesController#create as TURBO_STREAM
  Parameters: {"authenticity_token"=>"[FILTERED]", "article"=>{"title"=>" A forth title", "body"=>"ff"}, "commit"=>"Create Article"}
  Rendering layout layouts/application.html.erb
  Rendering articles/new.html.erb within layouts/application
  Rendered articles/new.html.erb within layouts/application (Duration: 4.3ms | Allocations: 984)
  Rendered layout layouts/application.html.erb (Duration: 8.9ms | Allocations: 2087)
Completed 422 Unprocessable Entity in 14ms (Views: 10.1ms | ActiveRecord: 0.0ms | Allocations: 3153)


Started POST "/articles" for ::1 at 2024-01-10 22:12:42 +0200
Processing by ArticlesController#create as TURBO_STREAM
  Parameters: {"authenticity_token"=>"[FILTERED]", "article"=>{"title"=>" A forth title", "body"=>"ff"}, "commit"=>"Create Article"}
  Rendering layout layouts/application.html.erb
  Rendering articles/new.html.erb within layouts/application
  Rendered articles/new.html.erb within layouts/application (Duration: 3.1ms | Allocations: 984)
  Rendered layout layouts/application.html.erb (Duration: 6.9ms | Allocations: 2087)
Completed 422 Unprocessable Entity in 11ms (Views: 8.0ms | ActiveRecord: 0.0ms | Allocations: 3165)


Started POST "/articles" for ::1 at 2024-01-10 22:12:42 +0200
Processing by ArticlesController#create as TURBO_STREAM
  Parameters: {"authenticity_token"=>"[FILTERED]", "article"=>{"title"=>" A forth title", "body"=>"ff"}, "commit"=>"Create Article"}
  Rendering layout layouts/application.html.erb
  Rendering articles/new.html.erb within layouts/application
  Rendered articles/new.html.erb within layouts/application (Duration: 5.2ms | Allocations: 984)
  Rendered layout layouts/application.html.erb (Duration: 9.7ms | Allocations: 2087)
Completed 422 Unprocessable Entity in 15ms (Views: 10.9ms | ActiveRecord: 0.0ms | Allocations: 3142)


Started POST "/articles" for ::1 at 2024-01-10 22:12:42 +0200
Processing by ArticlesController#create as TURBO_STREAM
  Parameters: {"authenticity_token"=>"[FILTERED]", "article"=>{"title"=>" A forth title", "body"=>"ff"}, "commit"=>"Create Article"}
  Rendering layout layouts/application.html.erb
  Rendering articles/new.html.erb within layouts/application
  Rendered articles/new.html.erb within layouts/application (Duration: 4.2ms | Allocations: 984)
  Rendered layout layouts/application.html.erb (Duration: 8.5ms | Allocations: 2087)
Completed 422 Unprocessable Entity in 14ms (Views: 9.8ms | ActiveRecord: 0.0ms | Allocations: 3172)


Started POST "/articles" for ::1 at 2024-01-10 22:12:43 +0200
Processing by ArticlesController#create as TURBO_STREAM
  Parameters: {"authenticity_token"=>"[FILTERED]", "article"=>{"title"=>" A forth title", "body"=>"ff"}, "commit"=>"Create Article"}
  Rendering layout layouts/application.html.erb
  Rendering articles/new.html.erb within layouts/application
  Rendered articles/new.html.erb within layouts/application (Duration: 4.7ms | Allocations: 984)
  Rendered layout layouts/application.html.erb (Duration: 9.9ms | Allocations: 2087)
Completed 422 Unprocessable Entity in 16ms (Views: 11.4ms | ActiveRecord: 0.0ms | Allocations: 3160)


Started POST "/articles" for ::1 at 2024-01-10 22:12:46 +0200
Processing by ArticlesController#create as TURBO_STREAM
  Parameters: {"authenticity_token"=>"[FILTERED]", "article"=>{"title"=>" A forth title", "body"=>"ff"}, "commit"=>"Create Article"}
  Rendering layout layouts/application.html.erb
  Rendering articles/new.html.erb within layouts/application
  Rendered articles/new.html.erb within layouts/application (Duration: 4.2ms | Allocations: 984)
  Rendered layout layouts/application.html.erb (Duration: 9.3ms | Allocations: 2087)
Completed 422 Unprocessable Entity in 14ms (Views: 10.5ms | ActiveRecord: 0.0ms | Allocations: 3159)


Started POST "/articles" for ::1 at 2024-01-10 22:12:47 +0200
Processing by ArticlesController#create as TURBO_STREAM
  Parameters: {"authenticity_token"=>"[FILTERED]", "article"=>{"title"=>" A forth title", "body"=>"ff"}, "commit"=>"Create Article"}
  Rendering layout layouts/application.html.erb
  Rendering articles/new.html.erb within layouts/application
  Rendered articles/new.html.erb within layouts/application (Duration: 4.3ms | Allocations: 984)
  Rendered layout layouts/application.html.erb (Duration: 7.7ms | Allocations: 2087)
Completed 422 Unprocessable Entity in 13ms (Views: 8.8ms | ActiveRecord: 0.0ms | Allocations: 3168)


Started POST "/articles" for ::1 at 2024-01-10 22:12:47 +0200
Processing by ArticlesController#create as TURBO_STREAM
  Parameters: {"authenticity_token"=>"[FILTERED]", "article"=>{"title"=>" A forth title", "body"=>"ff"}, "commit"=>"Create Article"}
  Rendering layout layouts/application.html.erb
  Rendering articles/new.html.erb within layouts/application
  Rendered articles/new.html.erb within layouts/application (Duration: 3.3ms | Allocations: 984)
  Rendered layout layouts/application.html.erb (Duration: 6.4ms | Allocations: 2087)
Completed 422 Unprocessable Entity in 10ms (Views: 7.4ms | ActiveRecord: 0.0ms | Allocations: 3159)


Started POST "/articles" for ::1 at 2024-01-10 22:12:48 +0200
Processing by ArticlesController#create as TURBO_STREAM
  Parameters: {"authenticity_token"=>"[FILTERED]", "article"=>{"title"=>" A forth title", "body"=>"ff"}, "commit"=>"Create Article"}
  Rendering layout layouts/application.html.erb
  Rendering articles/new.html.erb within layouts/application
  Rendered articles/new.html.erb within layouts/application (Duration: 4.3ms | Allocations: 984)
  Rendered layout layouts/application.html.erb (Duration: 8.9ms | Allocations: 2087)
Completed 422 Unprocessable Entity in 14ms (Views: 10.2ms | ActiveRecord: 0.0ms | Allocations: 3151)


Started POST "/articles" for ::1 at 2024-01-10 22:12:48 +0200
Processing by ArticlesController#create as TURBO_STREAM
  Parameters: {"authenticity_token"=>"[FILTERED]", "article"=>{"title"=>" A forth title", "body"=>"ff"}, "commit"=>"Create Article"}
  Rendering layout layouts/application.html.erb
  Rendering articles/new.html.erb within layouts/application
  Rendered articles/new.html.erb within layouts/application (Duration: 3.1ms | Allocations: 984)
  Rendered layout layouts/application.html.erb (Duration: 6.3ms | Allocations: 2087)
Completed 422 Unprocessable Entity in 10ms (Views: 7.2ms | ActiveRecord: 0.0ms | Allocations: 3159)


Started POST "/articles" for ::1 at 2024-01-10 22:12:48 +0200
Processing by ArticlesController#create as TURBO_STREAM
  Parameters: {"authenticity_token"=>"[FILTERED]", "article"=>{"title"=>" A forth title", "body"=>"ff"}, "commit"=>"Create Article"}
  Rendering layout layouts/application.html.erb
  Rendering articles/new.html.erb within layouts/application
  Rendered articles/new.html.erb within layouts/application (Duration: 3.2ms | Allocations: 984)
  Rendered layout layouts/application.html.erb (Duration: 7.4ms | Allocations: 2102)
Completed 422 Unprocessable Entity in 11ms (Views: 8.3ms | ActiveRecord: 0.0ms | Allocations: 3179)


Started GET "/articles/new" for ::1 at 2024-01-10 22:13:20 +0200
Processing by ArticlesController#new as HTML
  Rendering layout layouts/application.html.erb
  Rendering articles/new.html.erb within layouts/application
  Rendered articles/new.html.erb within layouts/application (Duration: 4.4ms | Allocations: 1255)
  Rendered layout layouts/application.html.erb (Duration: 33.2ms | Allocations: 15956)
Completed 200 OK in 52ms (Views: 36.3ms | ActiveRecord: 4.2ms | Allocations: 20360)


Started POST "/articles" for ::1 at 2024-01-10 22:13:35 +0200
Processing by ArticlesController#create as TURBO_STREAM
  Parameters: {"authenticity_token"=>"[FILTERED]", "article"=>{"title"=>"", "body"=>"is"}, "commit"=>"Create Article"}
  Rendering layout layouts/application.html.erb
  Rendering articles/new.html.erb within layouts/application
  Rendered articles/new.html.erb within layouts/application (Duration: 8.8ms | Allocations: 2061)
  Rendered layout layouts/application.html.erb (Duration: 13.0ms | Allocations: 3164)
Completed 422 Unprocessable Entity in 19ms (Views: 14.4ms | ActiveRecord: 0.0ms | Allocations: 4412)


Started GET "/articles/new" for ::1 at 2024-01-10 22:14:00 +0200
Processing by ArticlesController#new as HTML
  Rendering layout layouts/application.html.erb
  Rendering articles/new.html.erb within layouts/application
  Rendered articles/new.html.erb within layouts/application (Duration: 4.2ms | Allocations: 1234)
  Rendered layout layouts/application.html.erb (Duration: 39.2ms | Allocations: 15917)
Completed 200 OK in 56ms (Views: 42.2ms | ActiveRecord: 4.1ms | Allocations: 20246)


Started POST "/articles" for ::1 at 2024-01-10 22:14:03 +0200
Processing by ArticlesController#create as TURBO_STREAM
  Parameters: {"authenticity_token"=>"[FILTERED]", "article"=>{"title"=>"", "body"=>""}, "commit"=>"Create Article"}
  Rendering layout layouts/application.html.erb
  Rendering articles/new.html.erb within layouts/application
  Rendered articles/new.html.erb within layouts/application (Duration: 10.9ms | Allocations: 2766)
  Rendered layout layouts/application.html.erb (Duration: 15.4ms | Allocations: 3871)
Completed 422 Unprocessable Entity in 21ms (Views: 16.8ms | ActiveRecord: 0.0ms | Allocations: 5111)


Started POST "/articles" for ::1 at 2024-01-10 22:14:13 +0200
Processing by ArticlesController#create as TURBO_STREAM
  Parameters: {"authenticity_token"=>"[FILTERED]", "article"=>{"title"=>"", "body"=>""}, "commit"=>"Create Article"}
  Rendering layout layouts/application.html.erb
  Rendering articles/new.html.erb within layouts/application
  Rendered articles/new.html.erb within layouts/application (Duration: 7.3ms | Allocations: 2758)
  Rendered layout layouts/application.html.erb (Duration: 10.8ms | Allocations: 3861)
Completed 422 Unprocessable Entity in 14ms (Views: 11.8ms | ActiveRecord: 0.0ms | Allocations: 4951)


Started POST "/articles" for ::1 at 2024-01-10 22:14:14 +0200
Processing by ArticlesController#create as TURBO_STREAM
  Parameters: {"authenticity_token"=>"[FILTERED]", "article"=>{"title"=>"", "body"=>""}, "commit"=>"Create Article"}
  Rendering layout layouts/application.html.erb
  Rendering articles/new.html.erb within layouts/application
  Rendered articles/new.html.erb within layouts/application (Duration: 7.5ms | Allocations: 2758)
  Rendered layout layouts/application.html.erb (Duration: 11.5ms | Allocations: 3861)
Completed 422 Unprocessable Entity in 15ms (Views: 12.5ms | ActiveRecord: 0.0ms | Allocations: 4939)


Started POST "/articles" for ::1 at 2024-01-10 22:14:24 +0200
Processing by ArticlesController#create as TURBO_STREAM
  Parameters: {"authenticity_token"=>"[FILTERED]", "article"=>{"title"=>"I am", "body"=>"an article"}, "commit"=>"Create Article"}
  [1m[36mTRANSACTION (0.2ms)[0m  [1m[36mbegin transaction[0m
  ↳ app/controllers/articles_controller.rb:16:in `create'
  [1m[36mArticle Create (3.4ms)[0m  [1m[32mINSERT INTO "articles" ("title", "body", "created_at", "updated_at") VALUES (?, ?, ?, ?) RETURNING "id"[0m  [["title", "I am"], ["body", "an article"], ["created_at", "2024-01-10 20:14:24.877021"], ["updated_at", "2024-01-10 20:14:24.877021"]]
  ↳ app/controllers/articles_controller.rb:16:in `create'
  [1m[36mTRANSACTION (1.4ms)[0m  [1m[36mcommit transaction[0m
  ↳ app/controllers/articles_controller.rb:16:in `create'
Redirected to http://localhost:3000/articles/4
Completed 302 Found in 14ms (ActiveRecord: 5.0ms | Allocations: 2069)


Started GET "/articles/4" for ::1 at 2024-01-10 22:14:24 +0200
Processing by ArticlesController#show as TURBO_STREAM
  Parameters: {"id"=>"4"}
  [1m[36mArticle Load (0.3ms)[0m  [1m[34mSELECT "articles".* FROM "articles" WHERE "articles"."id" = ? LIMIT ?[0m  [["id", 4], ["LIMIT", 1]]
  ↳ app/controllers/articles_controller.rb:7:in `show'
  Rendering layout layouts/application.html.erb
  Rendering articles/show.html.erb within layouts/application
  Rendered articles/show.html.erb within layouts/application (Duration: 0.8ms | Allocations: 154)
  Rendered layout layouts/application.html.erb (Duration: 4.7ms | Allocations: 1491)
Completed 200 OK in 10ms (Views: 5.6ms | ActiveRecord: 0.2ms | Allocations: 2843)


Started GET "/articles" for ::1 at 2024-01-10 22:14:32 +0200
Processing by ArticlesController#index as HTML
  Rendering layout layouts/application.html.erb
  Rendering articles/index.html.erb within layouts/application
  [1m[36mArticle Load (0.3ms)[0m  [1m[34mSELECT "articles".* FROM "articles"[0m
  ↳ app/views/articles/index.html.erb:4
  Rendered articles/index.html.erb within layouts/application (Duration: 3.9ms | Allocations: 761)
  Rendered layout layouts/application.html.erb (Duration: 7.8ms | Allocations: 2095)
Completed 200 OK in 10ms (Views: 8.4ms | ActiveRecord: 0.3ms | Allocations: 2412)


Started GET "/articles/4" for ::1 at 2024-01-10 22:14:36 +0200
Processing by ArticlesController#show as HTML
  Parameters: {"id"=>"4"}
  [1m[36mArticle Load (0.2ms)[0m  [1m[34mSELECT "articles".* FROM "articles" WHERE "articles"."id" = ? LIMIT ?[0m  [["id", 4], ["LIMIT", 1]]
  ↳ app/controllers/articles_controller.rb:7:in `show'
  Rendering layout layouts/application.html.erb
  Rendering articles/show.html.erb within layouts/application
  Rendered articles/show.html.erb within layouts/application (Duration: 0.1ms | Allocations: 13)
  Rendered layout layouts/application.html.erb (Duration: 5.5ms | Allocations: 1356)
Completed 200 OK in 10ms (Views: 6.6ms | ActiveRecord: 0.2ms | Allocations: 1963)


Started GET "/articles/3" for ::1 at 2024-01-10 22:14:37 +0200
Processing by ArticlesController#show as HTML
  Parameters: {"id"=>"3"}
  [1m[36mArticle Load (0.1ms)[0m  [1m[34mSELECT "articles".* FROM "articles" WHERE "articles"."id" = ? LIMIT ?[0m  [["id", 3], ["LIMIT", 1]]
  ↳ app/controllers/articles_controller.rb:7:in `show'
  Rendering layout layouts/application.html.erb
  Rendering articles/show.html.erb within layouts/application
  Rendered articles/show.html.erb within layouts/application (Duration: 0.1ms | Allocations: 14)
  Rendered layout layouts/application.html.erb (Duration: 4.3ms | Allocations: 1348)
Completed 200 OK in 8ms (Views: 5.1ms | ActiveRecord: 0.1ms | Allocations: 1955)


Started GET "/articles/2" for ::1 at 2024-01-10 22:14:39 +0200
Processing by ArticlesController#show as HTML
  Parameters: {"id"=>"2"}
  [1m[36mArticle Load (0.2ms)[0m  [1m[34mSELECT "articles".* FROM "articles" WHERE "articles"."id" = ? LIMIT ?[0m  [["id", 2], ["LIMIT", 1]]
  ↳ app/controllers/articles_controller.rb:7:in `show'
  Rendering layout layouts/application.html.erb
  Rendering articles/show.html.erb within layouts/application
  Rendered articles/show.html.erb within layouts/application (Duration: 0.2ms | Allocations: 14)
  Rendered layout layouts/application.html.erb (Duration: 5.7ms | Allocations: 1354)
Completed 200 OK in 11ms (Views: 6.9ms | ActiveRecord: 0.2ms | Allocations: 1961)


Started GET "/articles/1" for ::1 at 2024-01-10 22:14:41 +0200
Processing by ArticlesController#show as HTML
  Parameters: {"id"=>"1"}
  [1m[36mArticle Load (0.1ms)[0m  [1m[34mSELECT "articles".* FROM "articles" WHERE "articles"."id" = ? LIMIT ?[0m  [["id", 1], ["LIMIT", 1]]
  ↳ app/controllers/articles_controller.rb:7:in `show'
  Rendering layout layouts/application.html.erb
  Rendering articles/show.html.erb within layouts/application
  Rendered articles/show.html.erb within layouts/application (Duration: 0.1ms | Allocations: 13)
  Rendered layout layouts/application.html.erb (Duration: 4.7ms | Allocations: 1362)
Completed 200 OK in 8ms (Views: 5.6ms | ActiveRecord: 0.1ms | Allocations: 1970)


Started GET "/articles/2" for ::1 at 2024-01-10 22:14:43 +0200
Processing by ArticlesController#show as HTML
  Parameters: {"id"=>"2"}
  [1m[36mArticle Load (0.1ms)[0m  [1m[34mSELECT "articles".* FROM "articles" WHERE "articles"."id" = ? LIMIT ?[0m  [["id", 2], ["LIMIT", 1]]
  ↳ app/controllers/articles_controller.rb:7:in `show'
  Rendering layout layouts/application.html.erb
  Rendering articles/show.html.erb within layouts/application
  Rendered articles/show.html.erb within layouts/application (Duration: 0.1ms | Allocations: 14)
  Rendered layout layouts/application.html.erb (Duration: 4.9ms | Allocations: 1354)
Completed 200 OK in 8ms (Views: 5.7ms | ActiveRecord: 0.1ms | Allocations: 1961)


Started GET "/articles/4" for ::1 at 2024-01-10 22:14:46 +0200
Processing by ArticlesController#show as HTML
  Parameters: {"id"=>"4"}
  [1m[36mArticle Load (0.1ms)[0m  [1m[34mSELECT "articles".* FROM "articles" WHERE "articles"."id" = ? LIMIT ?[0m  [["id", 4], ["LIMIT", 1]]
  ↳ app/controllers/articles_controller.rb:7:in `show'
  Rendering layout layouts/application.html.erb
  Rendering articles/show.html.erb within layouts/application
  Rendered articles/show.html.erb within layouts/application (Duration: 0.1ms | Allocations: 13)
  Rendered layout layouts/application.html.erb (Duration: 5.3ms | Allocations: 1362)
Completed 200 OK in 8ms (Views: 6.2ms | ActiveRecord: 0.1ms | Allocations: 1967)


Started GET "/articles/new" for ::1 at 2024-01-10 22:14:47 +0200
Processing by ArticlesController#new as HTML
  Rendering layout layouts/application.html.erb
  Rendering articles/new.html.erb within layouts/application
  Rendered articles/new.html.erb within layouts/application (Duration: 2.9ms | Allocations: 789)
  Rendered layout layouts/application.html.erb (Duration: 6.7ms | Allocations: 1896)
Completed 200 OK in 8ms (Views: 7.6ms | ActiveRecord: 0.0ms | Allocations: 2155)


Started GET "/" for ::1 at 2024-01-10 22:14:50 +0200
Processing by ArticlesController#index as HTML
  Rendering layout layouts/application.html.erb
  Rendering articles/index.html.erb within layouts/application
  [1m[36mArticle Load (0.2ms)[0m  [1m[34mSELECT "articles".* FROM "articles"[0m
  ↳ app/views/articles/index.html.erb:4
  Rendered articles/index.html.erb within layouts/application (Duration: 2.5ms | Allocations: 551)
  Rendered layout layouts/application.html.erb (Duration: 7.4ms | Allocations: 1888)
Completed 200 OK in 9ms (Views: 8.4ms | ActiveRecord: 0.1ms | Allocations: 2143)


Started GET "/" for ::1 at 2024-01-10 22:17:01 +0200
Processing by ArticlesController#index as HTML
  Rendering layout layouts/application.html.erb
  Rendering articles/index.html.erb within layouts/application
  [1m[36mArticle Load (0.2ms)[0m  [1m[34mSELECT "articles".* FROM "articles"[0m
  ↳ app/views/articles/index.html.erb:4
  Rendered articles/index.html.erb within layouts/application (Duration: 14.4ms | Allocations: 3688)
  Rendered layout layouts/application.html.erb (Duration: 42.0ms | Allocations: 18657)
Completed 200 OK in 49ms (Views: 41.1ms | ActiveRecord: 3.6ms | Allocations: 20273)


Started GET "/articles/new" for ::1 at 2024-01-10 22:17:04 +0200
Processing by ArticlesController#new as HTML
  Rendering layout layouts/application.html.erb
  Rendering articles/new.html.erb within layouts/application
  Rendered articles/new.html.erb within layouts/application (Duration: 4.8ms | Allocations: 1166)
  Rendered layout layouts/application.html.erb (Duration: 8.4ms | Allocations: 2273)
Completed 200 OK in 11ms (Views: 9.5ms | ActiveRecord: 0.0ms | Allocations: 2604)


Started GET "/articles/new" for ::1 at 2024-01-10 22:17:07 +0200
Processing by ArticlesController#new as HTML
  Rendering layout layouts/application.html.erb
  Rendering articles/new.html.erb within layouts/application
  Rendered articles/new.html.erb within layouts/application (Duration: 2.8ms | Allocations: 795)
  Rendered layout layouts/application.html.erb (Duration: 6.0ms | Allocations: 1902)
Completed 200 OK in 8ms (Views: 7.0ms | ActiveRecord: 0.0ms | Allocations: 2161)


Started GET "/articles/new" for ::1 at 2024-01-10 22:17:09 +0200
Processing by ArticlesController#new as HTML
  Rendering layout layouts/application.html.erb
  Rendering articles/new.html.erb within layouts/application
  Rendered articles/new.html.erb within layouts/application (Duration: 4.7ms | Allocations: 786)
  Rendered layout layouts/application.html.erb (Duration: 11.6ms | Allocations: 1893)
Completed 200 OK in 14ms (Views: 13.1ms | ActiveRecord: 0.0ms | Allocations: 2152)


Started GET "/articles/new" for ::1 at 2024-01-10 22:17:11 +0200
Processing by ArticlesController#new as HTML
  Rendering layout layouts/application.html.erb
  Rendering articles/new.html.erb within layouts/application
  Rendered articles/new.html.erb within layouts/application (Duration: 2.9ms | Allocations: 771)
  Rendered layout layouts/application.html.erb (Duration: 6.7ms | Allocations: 1878)
Completed 200 OK in 8ms (Views: 7.6ms | ActiveRecord: 0.0ms | Allocations: 2137)


Started GET "/articles/new" for ::1 at 2024-01-10 22:17:15 +0200
Processing by ArticlesController#new as HTML
  Rendering layout layouts/application.html.erb
  Rendering articles/new.html.erb within layouts/application
  Rendered articles/new.html.erb within layouts/application (Duration: 3.2ms | Allocations: 783)
  Rendered layout layouts/application.html.erb (Duration: 6.8ms | Allocations: 1890)
Completed 200 OK in 8ms (Views: 7.6ms | ActiveRecord: 0.0ms | Allocations: 2149)


Started GET "/articles/new" for ::1 at 2024-01-10 22:17:17 +0200
Processing by ArticlesController#new as HTML
  Rendering layout layouts/application.html.erb
  Rendering articles/new.html.erb within layouts/application
  Rendered articles/new.html.erb within layouts/application (Duration: 3.3ms | Allocations: 777)
  Rendered layout layouts/application.html.erb (Duration: 6.6ms | Allocations: 1884)
Completed 200 OK in 8ms (Views: 7.4ms | ActiveRecord: 0.0ms | Allocations: 2143)


Started GET "/articles/new" for ::1 at 2024-01-10 22:17:19 +0200
Processing by ArticlesController#new as HTML
  Rendering layout layouts/application.html.erb
  Rendering articles/new.html.erb within layouts/application
  Rendered articles/new.html.erb within layouts/application (Duration: 3.3ms | Allocations: 795)
  Rendered layout layouts/application.html.erb (Duration: 6.7ms | Allocations: 1902)
Completed 200 OK in 9ms (Views: 7.8ms | ActiveRecord: 0.0ms | Allocations: 2161)


